Copyright 1986-2022 Xilinx, Inc. All Rights Reserved. Copyright 2022-2025 Advanced Micro Devices, Inc. All Rights Reserved.
---------------------------------------------------------------------------------------------------------------------------------------------
| Tool Version : Vivado v.2025.1 (lin64) Build 6140274 Wed May 21 22:58:25 MDT 2025
| Date         : Fri Oct  3 15:09:59 2025
| Host         : eecs-digital-48 running 64-bit Ubuntu 24.04.3 LTS
| Command      : upgrade_ip
| Device       : xc7z020clg400-1
---------------------------------------------------------------------------------------------------------------------------------------------

Upgrade Log for IP 'design_1_mathdoer_0_0'

1. Summary
----------

SUCCESS in the update of design_1_mathdoer_0_0 (user.org:user:mathdoer:1.0 (Rev. 6)) to current project options.






Copyright 1986-2022 Xilinx, Inc. All Rights Reserved. Copyright 2022-2025 Advanced Micro Devices, Inc. All Rights Reserved.
---------------------------------------------------------------------------------------------------------------------------------------------
| Tool Version : Vivado v.2025.1 (lin64) Build 6140274 Wed May 21 22:58:25 MDT 2025
| Date         : Fri Oct  3 15:09:14 2025
| Host         : eecs-digital-48 running 64-bit Ubuntu 24.04.3 LTS
| Command      : upgrade_ip
| Device       : xc7z020clg400-1
---------------------------------------------------------------------------------------------------------------------------------------------

Upgrade Log for IP 'design_1_mathdoer_0_0'

1. Summary
----------

SUCCESS in the upgrade of design_1_mathdoer_0_0 (user.org:user:mathdoer:1.0) from (Rev. 5) to (Rev. 6)






Copyright 1986-2022 Xilinx, Inc. All Rights Reserved. Copyright 2022-2025 Advanced Micro Devices, Inc. All Rights Reserved.
---------------------------------------------------------------------------------------------------------------------------------------------
| Tool Version : Vivado v.2025.1 (lin64) Build 6140274 Wed May 21 22:58:25 MDT 2025
| Date         : Fri Oct  3 15:07:55 2025
| Host         : eecs-digital-48 running 64-bit Ubuntu 24.04.3 LTS
| Command      : upgrade_ip
| Device       : xc7z020clg400-1
---------------------------------------------------------------------------------------------------------------------------------------------

Upgrade Log for IP 'design_1_mathdoer_0_0'

1. Summary
----------

SUCCESS in the update of design_1_mathdoer_0_0 (user.org:user:mathdoer:1.0 (Rev. 5)) to current project options.






Copyright 1986-2022 Xilinx, Inc. All Rights Reserved. Copyright 2022-2025 Advanced Micro Devices, Inc. All Rights Reserved.
---------------------------------------------------------------------------------------------------------------------------------------------
| Tool Version : Vivado v.2025.1 (lin64) Build 6140274 Wed May 21 22:58:25 MDT 2025
| Date         : Fri Oct  3 14:42:37 2025
| Host         : eecs-digital-48 running 64-bit Ubuntu 24.04.3 LTS
| Command      : upgrade_ip
| Device       : xc7z020clg400-1
---------------------------------------------------------------------------------------------------------------------------------------------

Upgrade Log for IP 'design_1_mathdoer_0_0'

1. Summary
----------

SUCCESS in the upgrade of design_1_mathdoer_0_0 (user.org:user:mathdoer:1.0) from (Rev. 3) to (Rev. 5)






Copyright 1986-2022 Xilinx, Inc. All Rights Reserved. Copyright 2022-2025 Advanced Micro Devices, Inc. All Rights Reserved.
---------------------------------------------------------------------------------------------------------------------------------------------
| Tool Version : Vivado v.2025.1 (lin64) Build 6140274 Wed May 21 22:58:25 MDT 2025
| Date         : Fri Oct  3 14:24:26 2025
| Host         : eecs-digital-48 running 64-bit Ubuntu 24.04.3 LTS
| Command      : upgrade_ip
| Device       : xc7z020clg400-1
---------------------------------------------------------------------------------------------------------------------------------------------

Upgrade Log for IP 'design_1_mathdoer_0_0'

1. Summary
----------

SUCCESS in the upgrade of design_1_mathdoer_0_0 (user.org:user:mathdoer:1.0) from (Rev. 2) to (Rev. 3)






Copyright 1986-2022 Xilinx, Inc. All Rights Reserved. Copyright 2022-2025 Advanced Micro Devices, Inc. All Rights Reserved.
---------------------------------------------------------------------------------------------------------------------------------------------
| Tool Version : Vivado v.2025.1 (lin64) Build 6140274 Wed May 21 22:58:25 MDT 2025
| Date         : Fri Oct  3 14:12:24 2025
| Host         : eecs-digital-48 running 64-bit Ubuntu 24.04.3 LTS
| Command      : upgrade_ip
| Device       : xc7z020clg400-1
---------------------------------------------------------------------------------------------------------------------------------------------

Upgrade Log for IP 'design_1_mathdoer_0_0'

1. Summary
----------

CAUTION (success, with warnings) in the upgrade of design_1_mathdoer_0_0 (user.org:user:mathdoer:1.0) from (Rev. 1) to (Rev. 2)

After upgrade, an IP may have parameter and port differences compared to the original customization. Please review the parameters within the IP customization GUI to ensure proper functionality. Also, please review the updated IP instantiation template to ensure proper connectivity, and update your design if required.

2. Connection Warnings
----------------------

Detected external port differences while upgrading 'design_1_mathdoer_0_0'. These changes may impact your design.


-Upgraded port order differs after port 's00_axis_aclk'


