
*** Running vivado
    with args -log design_1_wrapper.vdi -applog -m64 -product Vivado -messageDb vivado.pb -mode batch -source design_1_wrapper.tcl -notrace


****** Vivado v2025.1 (64-bit)
  **** SW Build 6140274 on Wed May 21 22:58:25 MDT 2025
  **** IP Build 6138677 on Thu May 22 03:10:11 MDT 2025
  **** SharedData Build 6139179 on Tue May 20 17:58:58 MDT 2025
  **** Start of session at: Tue Sep 30 15:58:23 2025
    ** Copyright 1986-2022 Xilinx, Inc. All Rights Reserved.
    ** Copyright 2022-2025 Advanced Micro Devices, Inc. All Rights Reserved.

source design_1_wrapper.tcl -notrace
INFO: [IP_Flow 19-234] Refreshing IP repositories
INFO: [IP_Flow 19-1700] Loaded user IP repository '/home/cathyhu3/ip_repo/fir_interface_1_0'.
INFO: [IP_Flow 19-1700] Loaded user IP repository '/home/cathyhu3/vivado-library'.
INFO: [IP_Flow 19-2313] Loaded Vivado IP repository '/tools/Xilinx/2025.1/Vivado/data/ip'.
Command: link_design -top design_1_wrapper -part xc7z020clg400-1
Design is defaulting to srcset: sources_1
Design is defaulting to constrset: constrs_1
INFO: [Device 21-403] Loading part xc7z020clg400-1
INFO: [Project 1-5699] Read binary netlist with skipMacroContent - 1
INFO: [Project 1-454] Reading design checkpoint '/home/cathyhu3/lab3_fir/lab3_fir.gen/sources_1/bd/design_1/ip/design_1_axi_smc_0/design_1_axi_smc_0.dcp' for cell 'design_1_i/axi_smc'
INFO: [Project 1-454] Reading design checkpoint '/home/cathyhu3/lab3_fir/lab3_fir.gen/sources_1/bd/design_1/ip/design_1_clk_wiz_0_0/design_1_clk_wiz_0_0.dcp' for cell 'design_1_i/clk_wiz_0'
INFO: [Project 1-454] Reading design checkpoint '/home/cathyhu3/lab3_fir/lab3_fir.gen/sources_1/bd/design_1/ip/design_1_dvi2rgb_0_0/design_1_dvi2rgb_0_0.dcp' for cell 'design_1_i/dvi2rgb_0'
INFO: [Project 1-454] Reading design checkpoint '/home/cathyhu3/lab3_fir/lab3_fir.gen/sources_1/bd/design_1/ip/design_1_fir_interface_0_0/design_1_fir_interface_0_0.dcp' for cell 'design_1_i/fir_interface_0'
INFO: [Project 1-454] Reading design checkpoint '/home/cathyhu3/lab3_fir/lab3_fir.gen/sources_1/bd/design_1/ip/design_1_fir_wrapper_0_0/design_1_fir_wrapper_0_0.dcp' for cell 'design_1_i/fir_wrapper_0'
INFO: [Project 1-454] Reading design checkpoint '/home/cathyhu3/lab3_fir/lab3_fir.gen/sources_1/bd/design_1/ip/design_1_ila_0_1/design_1_ila_0_1.dcp' for cell 'design_1_i/ila_0'
INFO: [Project 1-454] Reading design checkpoint '/home/cathyhu3/lab3_fir/lab3_fir.gen/sources_1/bd/design_1/ip/design_1_processing_system7_0_1/design_1_processing_system7_0_1.dcp' for cell 'design_1_i/processing_system7_0'
INFO: [Project 1-454] Reading design checkpoint '/home/cathyhu3/lab3_fir/lab3_fir.gen/sources_1/bd/design_1/ip/design_1_rgb2dvi_0_0/design_1_rgb2dvi_0_0.dcp' for cell 'design_1_i/rgb2dvi_0'
INFO: [Project 1-454] Reading design checkpoint '/home/cathyhu3/lab3_fir/lab3_fir.gen/sources_1/bd/design_1/ip/design_1_rst_ps7_0_100M_0/design_1_rst_ps7_0_100M_0.dcp' for cell 'design_1_i/rst_ps7_0_100M'
INFO: [Project 1-454] Reading design checkpoint '/home/cathyhu3/lab3_fir/lab3_fir.gen/sources_1/bd/design_1/ip/design_1_tristate_0_0/design_1_tristate_0_0.dcp' for cell 'design_1_i/tristate_0'
INFO: [Project 1-454] Reading design checkpoint '/home/cathyhu3/lab3_fir/lab3_fir.gen/sources_1/bd/design_1/ip/design_1_tristate_0_1/design_1_tristate_0_1.dcp' for cell 'design_1_i/tristate_1'
INFO: [Project 1-454] Reading design checkpoint '/home/cathyhu3/lab3_fir/lab3_fir.gen/sources_1/bd/design_1/ip/design_1_xpm_cdc_gen_0_0/design_1_xpm_cdc_gen_0_0.dcp' for cell 'design_1_i/xpm_cdc_gen_0'
INFO: [Project 1-454] Reading design checkpoint '/home/cathyhu3/lab3_fir/lab3_fir.gen/sources_1/bd/design_1/ip/design_1_xpm_cdc_gen_0_1/design_1_xpm_cdc_gen_0_1.dcp' for cell 'design_1_i/xpm_cdc_gen_1'
INFO: [Project 1-454] Reading design checkpoint '/home/cathyhu3/lab3_fir/lab3_fir.gen/sources_1/bd/design_1/ip/design_1_xpm_cdc_gen_0_2/design_1_xpm_cdc_gen_0_2.dcp' for cell 'design_1_i/xpm_cdc_gen_2'
INFO: [Project 1-454] Reading design checkpoint '/home/cathyhu3/lab3_fir/lab3_fir.gen/sources_1/bd/design_1/ip/design_1_xpm_cdc_gen_0_3/design_1_xpm_cdc_gen_0_3.dcp' for cell 'design_1_i/xpm_cdc_gen_3'
Netlist sorting complete. Time (s): cpu = 00:00:00.08 ; elapsed = 00:00:00.07 . Memory (MB): peak = 1859.078 ; gain = 0.000 ; free physical = 4080 ; free virtual = 12144
INFO: [Netlist 29-17] Analyzing 746 Unisim elements for replacement
INFO: [Netlist 29-28] Unisim Transformation completed in 0 CPU seconds
INFO: [Project 1-479] Netlist was created with Vivado 2025.1
INFO: [Project 1-570] Preparing netlist for logic optimization
WARNING: [Constraints 18-550] Could not create 'DRIVE' constraint because net 'design_1_i/tristate_0/i' is not directly connected to top level port. 'DRIVE' is ignored for synthesis but preserved for implementation.
WARNING: [Constraints 18-550] Could not create 'SLEW' constraint because net 'design_1_i/tristate_0/i' is not directly connected to top level port. 'SLEW' is ignored for synthesis but preserved for implementation.
WARNING: [Constraints 18-550] Could not create 'IBUF_LOW_PWR' constraint because net 'design_1_i/tristate_0/o' is not directly connected to top level port. 'IBUF_LOW_PWR' is ignored for synthesis but preserved for implementation.
WARNING: [Constraints 18-550] Could not create 'DRIVE' constraint because net 'design_1_i/tristate_0/t' is not directly connected to top level port. 'DRIVE' is ignored for synthesis but preserved for implementation.
WARNING: [Constraints 18-550] Could not create 'SLEW' constraint because net 'design_1_i/tristate_0/t' is not directly connected to top level port. 'SLEW' is ignored for synthesis but preserved for implementation.
WARNING: [Constraints 18-550] Could not create 'DRIVE' constraint because net 'design_1_i/tristate_1/i' is not directly connected to top level port. 'DRIVE' is ignored for synthesis but preserved for implementation.
WARNING: [Constraints 18-550] Could not create 'SLEW' constraint because net 'design_1_i/tristate_1/i' is not directly connected to top level port. 'SLEW' is ignored for synthesis but preserved for implementation.
WARNING: [Constraints 18-550] Could not create 'IBUF_LOW_PWR' constraint because net 'design_1_i/tristate_1/o' is not directly connected to top level port. 'IBUF_LOW_PWR' is ignored for synthesis but preserved for implementation.
WARNING: [Constraints 18-550] Could not create 'DRIVE' constraint because net 'design_1_i/tristate_1/t' is not directly connected to top level port. 'DRIVE' is ignored for synthesis but preserved for implementation.
WARNING: [Constraints 18-550] Could not create 'SLEW' constraint because net 'design_1_i/tristate_1/t' is not directly connected to top level port. 'SLEW' is ignored for synthesis but preserved for implementation.
INFO: [Chipscope 16-324] Core: design_1_i/ila_0 UUID: be177176-557e-59fe-ace2-fe04795a2b22 
Parsing XDC File [/home/cathyhu3/lab3_fir/lab3_fir.gen/sources_1/bd/design_1/ip/design_1_processing_system7_0_1/design_1_processing_system7_0_1.xdc] for cell 'design_1_i/processing_system7_0/inst'
Finished Parsing XDC File [/home/cathyhu3/lab3_fir/lab3_fir.gen/sources_1/bd/design_1/ip/design_1_processing_system7_0_1/design_1_processing_system7_0_1.xdc] for cell 'design_1_i/processing_system7_0/inst'
CRITICAL WARNING: [Designutils 20-1280] Could not find module 'ila_refclk'. The XDC file /home/cathyhu3/lab3_fir/lab3_fir.gen/sources_1/bd/design_1/ip/design_1_dvi2rgb_0_0/src/ila_refclk/ila_v6_2/constraints/ila.xdc will not be read for any cell of this module.
CRITICAL WARNING: [Designutils 20-1280] Could not find module 'ila_pixclk'. The XDC file /home/cathyhu3/lab3_fir/lab3_fir.gen/sources_1/bd/design_1/ip/design_1_dvi2rgb_0_0/src/ila_pixclk/ila_v6_2/constraints/ila.xdc will not be read for any cell of this module.
Parsing XDC File [/home/cathyhu3/lab3_fir/lab3_fir.gen/sources_1/bd/design_1/ip/design_1_dvi2rgb_0_0/src/dvi2rgb.xdc] for cell 'design_1_i/dvi2rgb_0/U0'
Finished Parsing XDC File [/home/cathyhu3/lab3_fir/lab3_fir.gen/sources_1/bd/design_1/ip/design_1_dvi2rgb_0_0/src/dvi2rgb.xdc] for cell 'design_1_i/dvi2rgb_0/U0'
Parsing XDC File [/home/cathyhu3/lab3_fir/lab3_fir.gen/sources_1/bd/design_1/ip/design_1_rgb2dvi_0_0/src/rgb2dvi.xdc] for cell 'design_1_i/rgb2dvi_0/U0'
Finished Parsing XDC File [/home/cathyhu3/lab3_fir/lab3_fir.gen/sources_1/bd/design_1/ip/design_1_rgb2dvi_0_0/src/rgb2dvi.xdc] for cell 'design_1_i/rgb2dvi_0/U0'
Parsing XDC File [/home/cathyhu3/lab3_fir/lab3_fir.gen/sources_1/bd/design_1/ip/design_1_clk_wiz_0_0/design_1_clk_wiz_0_0_board.xdc] for cell 'design_1_i/clk_wiz_0/inst'
Finished Parsing XDC File [/home/cathyhu3/lab3_fir/lab3_fir.gen/sources_1/bd/design_1/ip/design_1_clk_wiz_0_0/design_1_clk_wiz_0_0_board.xdc] for cell 'design_1_i/clk_wiz_0/inst'
Parsing XDC File [/home/cathyhu3/lab3_fir/lab3_fir.gen/sources_1/bd/design_1/ip/design_1_clk_wiz_0_0/design_1_clk_wiz_0_0.xdc] for cell 'design_1_i/clk_wiz_0/inst'
INFO: [Timing 38-35] Done setting XDC timing constraints. [/home/cathyhu3/lab3_fir/lab3_fir.gen/sources_1/bd/design_1/ip/design_1_clk_wiz_0_0/design_1_clk_wiz_0_0.xdc:54]
INFO: [Timing 38-2] Deriving generated clocks [/home/cathyhu3/lab3_fir/lab3_fir.gen/sources_1/bd/design_1/ip/design_1_clk_wiz_0_0/design_1_clk_wiz_0_0.xdc:54]
Finished Parsing XDC File [/home/cathyhu3/lab3_fir/lab3_fir.gen/sources_1/bd/design_1/ip/design_1_clk_wiz_0_0/design_1_clk_wiz_0_0.xdc] for cell 'design_1_i/clk_wiz_0/inst'
Parsing XDC File [/home/cathyhu3/lab3_fir/lab3_fir.gen/sources_1/bd/design_1/ip/design_1_rst_ps7_0_100M_0/design_1_rst_ps7_0_100M_0_board.xdc] for cell 'design_1_i/rst_ps7_0_100M/U0'
Finished Parsing XDC File [/home/cathyhu3/lab3_fir/lab3_fir.gen/sources_1/bd/design_1/ip/design_1_rst_ps7_0_100M_0/design_1_rst_ps7_0_100M_0_board.xdc] for cell 'design_1_i/rst_ps7_0_100M/U0'
Parsing XDC File [/home/cathyhu3/lab3_fir/lab3_fir.gen/sources_1/bd/design_1/ip/design_1_axi_smc_0/bd_0/ip/ip_1/bd_afc3_psr_aclk_0_board.xdc] for cell 'design_1_i/axi_smc/inst/clk_map/psr_aclk/U0'
Finished Parsing XDC File [/home/cathyhu3/lab3_fir/lab3_fir.gen/sources_1/bd/design_1/ip/design_1_axi_smc_0/bd_0/ip/ip_1/bd_afc3_psr_aclk_0_board.xdc] for cell 'design_1_i/axi_smc/inst/clk_map/psr_aclk/U0'
Parsing XDC File [/home/cathyhu3/lab3_fir/lab3_fir.gen/sources_1/bd/design_1/ip/design_1_axi_smc_0/smartconnect.xdc] for cell 'design_1_i/axi_smc/inst'
Finished Parsing XDC File [/home/cathyhu3/lab3_fir/lab3_fir.gen/sources_1/bd/design_1/ip/design_1_axi_smc_0/smartconnect.xdc] for cell 'design_1_i/axi_smc/inst'
Parsing XDC File [/home/cathyhu3/lab3_fir/lab3_fir.gen/sources_1/bd/design_1/ip/design_1_ila_0_1/ila_v6_2/constraints/ila_impl.xdc] for cell 'design_1_i/ila_0/inst'
WARNING: [Vivado_Tcl 4-921] Waiver ID 'CDC-10' -to list should not be empty. [/home/cathyhu3/lab3_fir/lab3_fir.gen/sources_1/bd/design_1/ip/design_1_ila_0_1/ila_v6_2/constraints/ila_impl.xdc:31]
Finished Parsing XDC File [/home/cathyhu3/lab3_fir/lab3_fir.gen/sources_1/bd/design_1/ip/design_1_ila_0_1/ila_v6_2/constraints/ila_impl.xdc] for cell 'design_1_i/ila_0/inst'
Parsing XDC File [/home/cathyhu3/lab3_fir/lab3_fir.gen/sources_1/bd/design_1/ip/design_1_ila_0_1/ila_v6_2/constraints/ila.xdc] for cell 'design_1_i/ila_0/inst'
WARNING: [Vivado_Tcl 4-921] Waiver ID 'CDC-10' -to list should not be empty. [/home/cathyhu3/lab3_fir/lab3_fir.gen/sources_1/bd/design_1/ip/design_1_ila_0_1/ila_v6_2/constraints/ila.xdc:108]
Finished Parsing XDC File [/home/cathyhu3/lab3_fir/lab3_fir.gen/sources_1/bd/design_1/ip/design_1_ila_0_1/ila_v6_2/constraints/ila.xdc] for cell 'design_1_i/ila_0/inst'
Parsing XDC File [/home/cathyhu3/lab3_fir/lab3_fir.srcs/constrs_1/imports/lab2_spi_maxdisplay/base.xdc]
Finished Parsing XDC File [/home/cathyhu3/lab3_fir/lab3_fir.srcs/constrs_1/imports/lab2_spi_maxdisplay/base.xdc]
Parsing XDC File [/home/cathyhu3/lab3_fir/lab3_fir.gen/sources_1/bd/design_1/ip/design_1_dvi2rgb_0_0/src/ila_timing_workaround.xdc] for cell 'design_1_i/dvi2rgb_0/U0'
Finished Parsing XDC File [/home/cathyhu3/lab3_fir/lab3_fir.gen/sources_1/bd/design_1/ip/design_1_dvi2rgb_0_0/src/ila_timing_workaround.xdc] for cell 'design_1_i/dvi2rgb_0/U0'
Parsing XDC File [/home/cathyhu3/lab3_fir/lab3_fir.gen/sources_1/bd/design_1/ip/design_1_rgb2dvi_0_0/src/rgb2dvi_clocks.xdc] for cell 'design_1_i/rgb2dvi_0/U0'
Finished Parsing XDC File [/home/cathyhu3/lab3_fir/lab3_fir.gen/sources_1/bd/design_1/ip/design_1_rgb2dvi_0_0/src/rgb2dvi_clocks.xdc] for cell 'design_1_i/rgb2dvi_0/U0'
INFO: [Project 1-1714] 22 XPM XDC files have been applied to the design.
INFO: [Opt 31-138] Pushed 0 inverter(s) to 0 load pin(s).
INFO: [Project 1-1687] 14 scoped IP constraints or related sub-commands were skipped due to synthesis logic optimizations usually triggered by constant connectivity or unconnected output pins. To review the skipped constraints and messages, run the command 'set_param netlist.IPMsgFiltering false' before opening the design.
Netlist sorting complete. Time (s): cpu = 00:00:00 ; elapsed = 00:00:00.01 . Memory (MB): peak = 2634.137 ; gain = 0.000 ; free physical = 3526 ; free virtual = 11590
INFO: [Project 1-111] Unisim Transformation Summary:
  A total of 58 instances were transformed.
  CFGLUT5 => CFGLUT5 (SRL16E, SRLC32E): 52 instances
  RAM32M => RAM32M (RAMD32(x6), RAMS32(x2)): 6 instances

32 Infos, 12 Warnings, 2 Critical Warnings and 0 Errors encountered.
link_design completed successfully
link_design: Time (s): cpu = 00:00:11 ; elapsed = 00:00:10 . Memory (MB): peak = 2634.172 ; gain = 1005.562 ; free physical = 3525 ; free virtual = 11590
Command: opt_design
Attempting to get a license for feature 'Implementation' and/or device 'xc7z020'
INFO: [Common 17-349] Got license for feature 'Implementation' and/or device 'xc7z020'
Running DRC as a precondition to command opt_design

Starting DRC Task
INFO: [DRC 23-27] Running DRC with 8 threads
INFO: [Project 1-461] DRC finished with 0 Errors
INFO: [Project 1-462] Please refer to the DRC report (report_drc) for more information.

Time (s): cpu = 00:00:03 ; elapsed = 00:00:00.79 . Memory (MB): peak = 2672.793 ; gain = 38.621 ; free physical = 3466 ; free virtual = 11530

Starting Cache Timing Information Task
INFO: [Timing 38-35] Done setting XDC timing constraints.
Ending Cache Timing Information Task | Checksum: 1b56c7c48

Time (s): cpu = 00:00:01 ; elapsed = 00:00:00.41 . Memory (MB): peak = 2672.793 ; gain = 0.000 ; free physical = 3455 ; free virtual = 11520

Starting Logic Optimization Task

Phase 1 Initialization

Phase 1.1 Core Generation And Design Setup

Phase 1.1.1 Generate And Synthesize Debug Cores
INFO: [Chipscope 16-329] Generating Script for core instance : dbg_hub 
INFO: [IP_Flow 19-3806] Processing IP xilinx.com:ip:xsdbm:3.0 for cell dbg_hub_CV.
INFO: [Chipscope 16-469] Using cached IP synthesis design for IP xilinx.com:ip:xsdbm:3.0, cache-ID = 65257210c6cfd128.
Done building netlist checker database: Time (s): cpu = 00:00:00 ; elapsed = 00:00:00.01 . Memory (MB): peak = 2997.449 ; gain = 0.000 ; free physical = 3129 ; free virtual = 11195
Netlist sorting complete. Time (s): cpu = 00:00:00.01 ; elapsed = 00:00:00.01 . Memory (MB): peak = 2997.449 ; gain = 0.000 ; free physical = 3129 ; free virtual = 11195
Phase 1.1.1 Generate And Synthesize Debug Cores | Checksum: 229dba097

Time (s): cpu = 00:00:16 ; elapsed = 00:00:30 . Memory (MB): peak = 2997.449 ; gain = 19.844 ; free physical = 3129 ; free virtual = 11195
Phase 1.1 Core Generation And Design Setup | Checksum: 229dba097

Time (s): cpu = 00:00:16 ; elapsed = 00:00:30 . Memory (MB): peak = 2997.449 ; gain = 19.844 ; free physical = 3129 ; free virtual = 11195

Phase 1.2 Setup Constraints And Sort Netlist
Phase 1.2 Setup Constraints And Sort Netlist | Checksum: 229dba097

Time (s): cpu = 00:00:16 ; elapsed = 00:00:30 . Memory (MB): peak = 2997.449 ; gain = 19.844 ; free physical = 3129 ; free virtual = 11195
Phase 1 Initialization | Checksum: 229dba097

Time (s): cpu = 00:00:16 ; elapsed = 00:00:30 . Memory (MB): peak = 2997.449 ; gain = 19.844 ; free physical = 3129 ; free virtual = 11195

Phase 2 Timer Update And Timing Data Collection

Phase 2.1 Timer Update
Phase 2.1 Timer Update | Checksum: 229dba097

Time (s): cpu = 00:00:17 ; elapsed = 00:00:30 . Memory (MB): peak = 2997.449 ; gain = 19.844 ; free physical = 3129 ; free virtual = 11195

Phase 2.2 Timing Data Collection
Phase 2.2 Timing Data Collection | Checksum: 229dba097

Time (s): cpu = 00:00:17 ; elapsed = 00:00:30 . Memory (MB): peak = 2997.449 ; gain = 19.844 ; free physical = 3128 ; free virtual = 11194
Phase 2 Timer Update And Timing Data Collection | Checksum: 229dba097

Time (s): cpu = 00:00:17 ; elapsed = 00:00:30 . Memory (MB): peak = 2997.449 ; gain = 19.844 ; free physical = 3128 ; free virtual = 11194

Phase 3 Retarget
INFO: [Opt 31-1851] Number of loadless carry chains removed were: 0
INFO: [Opt 31-1834] Total Chains To Be Transformed Were: 0 AND Number of Transformed insts Created are: 0
INFO: [Opt 31-1566] Pulled 7 inverters resulting in an inversion of 72 pins
INFO: [Opt 31-138] Pushed 11 inverter(s) to 38 load pin(s).
INFO: [Opt 31-49] Retargeted 0 cell(s).
Phase 3 Retarget | Checksum: 1c7e36b4d

Time (s): cpu = 00:00:17 ; elapsed = 00:00:30 . Memory (MB): peak = 2997.449 ; gain = 19.844 ; free physical = 3128 ; free virtual = 11194
Retarget | Checksum: 1c7e36b4d
INFO: [Opt 31-389] Phase Retarget created 20 cells and removed 70 cells
INFO: [Opt 31-1021] In phase Retarget, 87 netlist objects are constrained preventing optimization. Please run opt_design with -debug_log to get more detail. 

Phase 4 Constant propagation
INFO: [Opt 31-138] Pushed 2 inverter(s) to 2 load pin(s).
Phase 4 Constant propagation | Checksum: 1240067f4

Time (s): cpu = 00:00:17 ; elapsed = 00:00:30 . Memory (MB): peak = 2997.449 ; gain = 19.844 ; free physical = 3128 ; free virtual = 11194
Constant propagation | Checksum: 1240067f4
INFO: [Opt 31-389] Phase Constant propagation created 45 cells and removed 100 cells
INFO: [Opt 31-1021] In phase Constant propagation, 67 netlist objects are constrained preventing optimization. Please run opt_design with -debug_log to get more detail. 

Phase 5 Sweep
INFO: [Constraints 18-11670] Building netlist checker database with flags, 0x8
Done building netlist checker database: Time (s): cpu = 00:00:00 ; elapsed = 00:00:00 . Memory (MB): peak = 2997.449 ; gain = 0.000 ; free physical = 3129 ; free virtual = 11194
INFO: [Constraints 18-11670] Building netlist checker database with flags, 0x8
Done building netlist checker database: Time (s): cpu = 00:00:00 ; elapsed = 00:00:00.01 . Memory (MB): peak = 2997.449 ; gain = 0.000 ; free physical = 3129 ; free virtual = 11194
Phase 5 Sweep | Checksum: 1505fa1fc

Time (s): cpu = 00:00:18 ; elapsed = 00:00:31 . Memory (MB): peak = 2997.449 ; gain = 19.844 ; free physical = 3129 ; free virtual = 11194
Sweep | Checksum: 1505fa1fc
INFO: [Opt 31-389] Phase Sweep created 0 cells and removed 126 cells
INFO: [Opt 31-1021] In phase Sweep, 909 netlist objects are constrained preventing optimization. Please run opt_design with -debug_log to get more detail. 

Phase 6 BUFG optimization
Phase 6 BUFG optimization | Checksum: 1505fa1fc

Time (s): cpu = 00:00:18 ; elapsed = 00:00:31 . Memory (MB): peak = 3029.465 ; gain = 51.859 ; free physical = 3129 ; free virtual = 11194
BUFG optimization | Checksum: 1505fa1fc
INFO: [Opt 31-662] Phase BUFG optimization created 0 cells of which 0 are BUFGs and removed 0 cells.

Phase 7 Shift Register Optimization
INFO: [Opt 31-1064] SRL Remap converted 0 SRLs to 0 registers and converted 0 registers of register chains to 0 SRLs
Phase 7 Shift Register Optimization | Checksum: 1505fa1fc

Time (s): cpu = 00:00:18 ; elapsed = 00:00:31 . Memory (MB): peak = 3029.465 ; gain = 51.859 ; free physical = 3129 ; free virtual = 11194
Shift Register Optimization | Checksum: 1505fa1fc
INFO: [Opt 31-389] Phase Shift Register Optimization created 0 cells and removed 0 cells

Phase 8 Post Processing Netlist
Phase 8 Post Processing Netlist | Checksum: e85e4b84

Time (s): cpu = 00:00:18 ; elapsed = 00:00:31 . Memory (MB): peak = 3029.465 ; gain = 51.859 ; free physical = 3129 ; free virtual = 11194
Post Processing Netlist | Checksum: e85e4b84
INFO: [Opt 31-389] Phase Post Processing Netlist created 0 cells and removed 0 cells
INFO: [Opt 31-1021] In phase Post Processing Netlist, 77 netlist objects are constrained preventing optimization. Please run opt_design with -debug_log to get more detail. 

Phase 9 Finalization

Phase 9.1 Finalizing Design Cores and Updating Shapes
Phase 9.1 Finalizing Design Cores and Updating Shapes | Checksum: 97eb4851

Time (s): cpu = 00:00:18 ; elapsed = 00:00:31 . Memory (MB): peak = 3029.465 ; gain = 51.859 ; free physical = 3129 ; free virtual = 11194

Phase 9.2 Verifying Netlist Connectivity

Starting Connectivity Check Task

Time (s): cpu = 00:00:00.01 ; elapsed = 00:00:00.01 . Memory (MB): peak = 3029.465 ; gain = 0.000 ; free physical = 3129 ; free virtual = 11194
Phase 9.2 Verifying Netlist Connectivity | Checksum: 97eb4851

Time (s): cpu = 00:00:18 ; elapsed = 00:00:31 . Memory (MB): peak = 3029.465 ; gain = 51.859 ; free physical = 3129 ; free virtual = 11194
Phase 9 Finalization | Checksum: 97eb4851

Time (s): cpu = 00:00:18 ; elapsed = 00:00:31 . Memory (MB): peak = 3029.465 ; gain = 51.859 ; free physical = 3129 ; free virtual = 11194
Opt_design Change Summary
=========================


-------------------------------------------------------------------------------------------------------------------------
|  Phase                        |  #Cells created  |  #Cells Removed  |  #Constrained objects preventing optimizations  |
-------------------------------------------------------------------------------------------------------------------------
|  Retarget                     |              20  |              70  |                                             87  |
|  Constant propagation         |              45  |             100  |                                             67  |
|  Sweep                        |               0  |             126  |                                            909  |
|  BUFG optimization            |               0  |               0  |                                              0  |
|  Shift Register Optimization  |               0  |               0  |                                              0  |
|  Post Processing Netlist      |               0  |               0  |                                             77  |
-------------------------------------------------------------------------------------------------------------------------


Ending Logic Optimization Task | Checksum: 97eb4851

Time (s): cpu = 00:00:18 ; elapsed = 00:00:31 . Memory (MB): peak = 3029.465 ; gain = 51.859 ; free physical = 3129 ; free virtual = 11194

Starting Power Optimization Task
INFO: [Pwropt 34-132] Skipping clock gating for clocks with a period < 2.00 ns.
INFO: [Pwropt 34-9] Applying IDT optimizations ...
INFO: [Pwropt 34-10] Applying ODC optimizations ...
INFO: [Timing 38-35] Done setting XDC timing constraints.
Running Vector-less Activity Propagation...

Finished Running Vector-less Activity Propagation


Starting PowerOpt Patch Enables Task
INFO: [Pwropt 34-162] WRITE_MODE attribute of 0 BRAM(s) out of a total of 1 has been updated to save power. Run report_power_opt to get a complete listing of the BRAMs updated.
INFO: [Pwropt 34-201] Structural ODC has moved 0 WE to EN ports
Number of BRAM Ports augmented: 1 newly gated: 0 Total Ports: 2
Ending PowerOpt Patch Enables Task | Checksum: b5a2b359

Time (s): cpu = 00:00:00.07 ; elapsed = 00:00:00.06 . Memory (MB): peak = 3325.379 ; gain = 0.000 ; free physical = 2997 ; free virtual = 11062
Ending Power Optimization Task | Checksum: b5a2b359

Time (s): cpu = 00:00:03 ; elapsed = 00:00:01 . Memory (MB): peak = 3325.379 ; gain = 295.914 ; free physical = 2997 ; free virtual = 11062

Starting Final Cleanup Task
Ending Final Cleanup Task | Checksum: b5a2b359

Time (s): cpu = 00:00:00.01 ; elapsed = 00:00:00 . Memory (MB): peak = 3325.379 ; gain = 0.000 ; free physical = 2997 ; free virtual = 11062

Starting Netlist Obfuscation Task
Netlist sorting complete. Time (s): cpu = 00:00:00 ; elapsed = 00:00:00 . Memory (MB): peak = 3325.379 ; gain = 0.000 ; free physical = 2997 ; free virtual = 11062
Ending Netlist Obfuscation Task | Checksum: 8a5861c8

Time (s): cpu = 00:00:00 ; elapsed = 00:00:00 . Memory (MB): peak = 3325.379 ; gain = 0.000 ; free physical = 2997 ; free virtual = 11062
INFO: [Common 17-83] Releasing license: Implementation
70 Infos, 12 Warnings, 2 Critical Warnings and 0 Errors encountered.
opt_design completed successfully
opt_design: Time (s): cpu = 00:00:28 ; elapsed = 00:00:35 . Memory (MB): peak = 3325.379 ; gain = 691.207 ; free physical = 2997 ; free virtual = 11062
INFO: [Vivado 12-24828] Executing command : report_drc -file design_1_wrapper_drc_opted.rpt -pb design_1_wrapper_drc_opted.pb -rpx design_1_wrapper_drc_opted.rpx
Command: report_drc -file design_1_wrapper_drc_opted.rpt -pb design_1_wrapper_drc_opted.pb -rpx design_1_wrapper_drc_opted.rpx
INFO: [IP_Flow 19-1839] IP Catalog is up to date.
INFO: [DRC 23-27] Running DRC with 8 threads
INFO: [Vivado_Tcl 2-168] The results of DRC are in file /home/cathyhu3/lab3_fir/lab3_fir.runs/impl_1/design_1_wrapper_drc_opted.rpt.
report_drc completed successfully
INFO: [Timing 38-35] Done setting XDC timing constraints.
INFO: [Timing 38-480] Writing timing data to binary archive.
Wrote PlaceDB: Time (s): cpu = 00:00:00.04 ; elapsed = 00:00:00.01 . Memory (MB): peak = 3325.379 ; gain = 0.000 ; free physical = 2965 ; free virtual = 11032
Wrote PulsedLatchDB: Time (s): cpu = 00:00:00 ; elapsed = 00:00:00 . Memory (MB): peak = 3325.379 ; gain = 0.000 ; free physical = 2965 ; free virtual = 11032
Writing XDEF routing.
Write ShapeDB Complete: Time (s): cpu = 00:00:00.08 ; elapsed = 00:00:00.02 . Memory (MB): peak = 3325.379 ; gain = 0.000 ; free physical = 2965 ; free virtual = 11032
Writing XDEF routing logical nets.
Writing XDEF routing special nets.
Wrote RouteStorage: Time (s): cpu = 00:00:00.1 ; elapsed = 00:00:00.03 . Memory (MB): peak = 3325.379 ; gain = 0.000 ; free physical = 2964 ; free virtual = 11032
Wrote Netlist Cache: Time (s): cpu = 00:00:00 ; elapsed = 00:00:00 . Memory (MB): peak = 3325.379 ; gain = 0.000 ; free physical = 2964 ; free virtual = 11032
Wrote Device Cache: Time (s): cpu = 00:00:00.04 ; elapsed = 00:00:00.01 . Memory (MB): peak = 3325.379 ; gain = 0.000 ; free physical = 2964 ; free virtual = 11032
Write Physdb Complete: Time (s): cpu = 00:00:00.19 ; elapsed = 00:00:00.05 . Memory (MB): peak = 3325.379 ; gain = 0.000 ; free physical = 2964 ; free virtual = 11032
INFO: [Common 17-1381] The checkpoint '/home/cathyhu3/lab3_fir/lab3_fir.runs/impl_1/design_1_wrapper_opt.dcp' has been generated.
INFO: [Chipscope 16-240] Debug cores have already been implemented
Command: place_design
Attempting to get a license for feature 'Implementation' and/or device 'xc7z020'
INFO: [Common 17-349] Got license for feature 'Implementation' and/or device 'xc7z020'
INFO: [Common 17-83] Releasing license: Implementation
INFO: [DRC 23-27] Running DRC with 8 threads
INFO: [Vivado_Tcl 4-198] DRC finished with 0 Errors
INFO: [Vivado_Tcl 4-199] Please refer to the DRC report (report_drc) for more information.
Running DRC as a precondition to command place_design
INFO: [DRC 23-27] Running DRC with 8 threads
INFO: [Vivado_Tcl 4-198] DRC finished with 0 Errors
INFO: [Vivado_Tcl 4-199] Please refer to the DRC report (report_drc) for more information.
INFO: [Place 30-611] Multithreading enabled for place_design using a maximum of 8 CPUs

Starting Placer Task

Phase 1 Placer Initialization

Phase 1.1 Placer Initialization Netlist Sorting
Netlist sorting complete. Time (s): cpu = 00:00:00 ; elapsed = 00:00:00 . Memory (MB): peak = 3325.379 ; gain = 0.000 ; free physical = 2941 ; free virtual = 11012
Phase 1.1 Placer Initialization Netlist Sorting | Checksum: 7d9c141f

Time (s): cpu = 00:00:00.01 ; elapsed = 00:00:00.01 . Memory (MB): peak = 3325.379 ; gain = 0.000 ; free physical = 2941 ; free virtual = 11012
Netlist sorting complete. Time (s): cpu = 00:00:00 ; elapsed = 00:00:00 . Memory (MB): peak = 3325.379 ; gain = 0.000 ; free physical = 2941 ; free virtual = 11012

Phase 1.2 IO Placement/ Clock Placement/ Build Placer Device
Phase 1.2 IO Placement/ Clock Placement/ Build Placer Device | Checksum: 1844ef170

Time (s): cpu = 00:00:01 ; elapsed = 00:00:00.85 . Memory (MB): peak = 3325.379 ; gain = 0.000 ; free physical = 2935 ; free virtual = 11005

Phase 1.3 Build Placer Netlist Model
Phase 1.3 Build Placer Netlist Model | Checksum: 2a1f4413f

Time (s): cpu = 00:00:05 ; elapsed = 00:00:02 . Memory (MB): peak = 3325.379 ; gain = 0.000 ; free physical = 2934 ; free virtual = 11004

Phase 1.4 Constrain Clocks/Macros
Phase 1.4 Constrain Clocks/Macros | Checksum: 2a1f4413f

Time (s): cpu = 00:00:05 ; elapsed = 00:00:03 . Memory (MB): peak = 3325.379 ; gain = 0.000 ; free physical = 2931 ; free virtual = 11001
Phase 1 Placer Initialization | Checksum: 2a1f4413f

Time (s): cpu = 00:00:05 ; elapsed = 00:00:03 . Memory (MB): peak = 3325.379 ; gain = 0.000 ; free physical = 2923 ; free virtual = 10994

Phase 2 Global Placement

Phase 2.1 Floorplanning
Phase 2.1 Floorplanning | Checksum: 2c0f1c6e3

Time (s): cpu = 00:00:06 ; elapsed = 00:00:03 . Memory (MB): peak = 3325.379 ; gain = 0.000 ; free physical = 2955 ; free virtual = 11026

Phase 2.2 Update Timing before SLR Path Opt
Phase 2.2 Update Timing before SLR Path Opt | Checksum: 22867ba98

Time (s): cpu = 00:00:07 ; elapsed = 00:00:03 . Memory (MB): peak = 3325.379 ; gain = 0.000 ; free physical = 2953 ; free virtual = 11023

Phase 2.3 Post-Processing in Floorplanning
Phase 2.3 Post-Processing in Floorplanning | Checksum: 22867ba98

Time (s): cpu = 00:00:07 ; elapsed = 00:00:03 . Memory (MB): peak = 3325.379 ; gain = 0.000 ; free physical = 2953 ; free virtual = 11023

Phase 2.4 Global Place Phase1
Phase 2.4 Global Place Phase1 | Checksum: 22044c7c7

Time (s): cpu = 00:00:17 ; elapsed = 00:00:07 . Memory (MB): peak = 3325.379 ; gain = 0.000 ; free physical = 2968 ; free virtual = 11038

Phase 2.5 Global Place Phase2

Phase 2.5.1 UpdateTiming Before Physical Synthesis
Phase 2.5.1 UpdateTiming Before Physical Synthesis | Checksum: 2149efed2

Time (s): cpu = 00:00:18 ; elapsed = 00:00:07 . Memory (MB): peak = 3325.379 ; gain = 0.000 ; free physical = 2967 ; free virtual = 11038

Phase 2.5.2 Physical Synthesis In Placer
INFO: [Physopt 32-1035] Found 0 LUTNM shape to break, 464 LUT instances to create LUTNM shape
INFO: [Physopt 32-1044] Break lutnm for timing: one critical 0, two critical 0, total 0, new lutff created 0
INFO: [Physopt 32-1138] End 1 Pass. Optimized 204 nets or LUTs. Breaked 0 LUT, combined 204 existing LUTs and moved 0 existing LUT
INFO: [Physopt 32-65] No nets found for high-fanout optimization.
INFO: [Physopt 32-232] Optimized 0 net. Created 0 new instance.
INFO: [Physopt 32-775] End 1 Pass. Optimized 0 net or cell. Created 0 new cell, deleted 0 existing cell and moved 0 existing cell
INFO: [Physopt 32-670] No setup violation found.  DSP Register Optimization was not performed.
INFO: [Physopt 32-670] No setup violation found.  Shift Register to Pipeline Optimization was not performed.
INFO: [Physopt 32-670] No setup violation found.  Shift Register Optimization was not performed.
INFO: [Physopt 32-670] No setup violation found.  BRAM Register Optimization was not performed.
INFO: [Physopt 32-670] No setup violation found.  URAM Register Optimization was not performed.
INFO: [Physopt 32-949] No candidate nets found for dynamic/static region interface net replication
INFO: [Physopt 32-775] End 1 Pass. Optimized 0 net or cell. Created 0 new cell, deleted 0 existing cell and moved 0 existing cell
Netlist sorting complete. Time (s): cpu = 00:00:00 ; elapsed = 00:00:00 . Memory (MB): peak = 3325.379 ; gain = 0.000 ; free physical = 2965 ; free virtual = 11035

Summary of Physical Synthesis Optimizations
============================================


-----------------------------------------------------------------------------------------------------------------------------------------------------------
|  Optimization                                     |  Added Cells  |  Removed Cells  |  Optimized Cells/Nets  |  Dont Touch  |  Iterations  |  Elapsed   |
-----------------------------------------------------------------------------------------------------------------------------------------------------------
|  LUT Combining                                    |            0  |            204  |                   204  |           0  |           1  |  00:00:00  |
|  Retime                                           |            0  |              0  |                     0  |           0  |           1  |  00:00:00  |
|  Very High Fanout                                 |            0  |              0  |                     0  |           0  |           1  |  00:00:00  |
|  DSP Register                                     |            0  |              0  |                     0  |           0  |           0  |  00:00:00  |
|  Shift Register to Pipeline                       |            0  |              0  |                     0  |           0  |           0  |  00:00:00  |
|  Shift Register                                   |            0  |              0  |                     0  |           0  |           0  |  00:00:00  |
|  BRAM Register                                    |            0  |              0  |                     0  |           0  |           0  |  00:00:00  |
|  URAM Register                                    |            0  |              0  |                     0  |           0  |           0  |  00:00:00  |
|  Dynamic/Static Region Interface Net Replication  |            0  |              0  |                     0  |           0  |           1  |  00:00:00  |
|  Total                                            |            0  |            204  |                   204  |           0  |           4  |  00:00:00  |
-----------------------------------------------------------------------------------------------------------------------------------------------------------


Phase 2.5.2 Physical Synthesis In Placer | Checksum: 1c1c634ed

Time (s): cpu = 00:00:19 ; elapsed = 00:00:08 . Memory (MB): peak = 3325.379 ; gain = 0.000 ; free physical = 2963 ; free virtual = 11033
Phase 2.5 Global Place Phase2 | Checksum: 226ab9c90

Time (s): cpu = 00:00:20 ; elapsed = 00:00:08 . Memory (MB): peak = 3325.379 ; gain = 0.000 ; free physical = 2954 ; free virtual = 11025
Phase 2 Global Placement | Checksum: 226ab9c90

Time (s): cpu = 00:00:20 ; elapsed = 00:00:08 . Memory (MB): peak = 3325.379 ; gain = 0.000 ; free physical = 2954 ; free virtual = 11025

Phase 3 Detail Placement

Phase 3.1 Commit Multi Column Macros
Phase 3.1 Commit Multi Column Macros | Checksum: 148349ea6

Time (s): cpu = 00:00:21 ; elapsed = 00:00:08 . Memory (MB): peak = 3325.379 ; gain = 0.000 ; free physical = 2946 ; free virtual = 11016

Phase 3.2 Commit Most Macros & LUTRAMs
Phase 3.2 Commit Most Macros & LUTRAMs | Checksum: 1c0e064d4

Time (s): cpu = 00:00:23 ; elapsed = 00:00:09 . Memory (MB): peak = 3325.379 ; gain = 0.000 ; free physical = 2942 ; free virtual = 11013

Phase 3.3 Area Swap Optimization
Phase 3.3 Area Swap Optimization | Checksum: 1020add2a

Time (s): cpu = 00:00:23 ; elapsed = 00:00:09 . Memory (MB): peak = 3325.379 ; gain = 0.000 ; free physical = 2942 ; free virtual = 11012

Phase 3.4 Pipeline Register Optimization
Phase 3.4 Pipeline Register Optimization | Checksum: 117bc2c79

Time (s): cpu = 00:00:23 ; elapsed = 00:00:09 . Memory (MB): peak = 3325.379 ; gain = 0.000 ; free physical = 2942 ; free virtual = 11012

Phase 3.5 Small Shape Detail Placement
Phase 3.5 Small Shape Detail Placement | Checksum: 14f24a3d4

Time (s): cpu = 00:00:25 ; elapsed = 00:00:11 . Memory (MB): peak = 3325.379 ; gain = 0.000 ; free physical = 2949 ; free virtual = 11019

Phase 3.6 Re-assign LUT pins
Phase 3.6 Re-assign LUT pins | Checksum: 1e1ccbd09

Time (s): cpu = 00:00:25 ; elapsed = 00:00:11 . Memory (MB): peak = 3325.379 ; gain = 0.000 ; free physical = 2949 ; free virtual = 11019

Phase 3.7 Pipeline Register Optimization
Phase 3.7 Pipeline Register Optimization | Checksum: 246fe0032

Time (s): cpu = 00:00:25 ; elapsed = 00:00:11 . Memory (MB): peak = 3325.379 ; gain = 0.000 ; free physical = 2949 ; free virtual = 11019
Phase 3 Detail Placement | Checksum: 246fe0032

Time (s): cpu = 00:00:25 ; elapsed = 00:00:11 . Memory (MB): peak = 3325.379 ; gain = 0.000 ; free physical = 2949 ; free virtual = 11019

Phase 4 Post Placement Optimization and Clean-Up

Phase 4.1 Post Commit Optimization
INFO: [Timing 38-35] Done setting XDC timing constraints.

Phase 4.1.1 Post Placement Optimization
Post Placement Optimization Initialization | Checksum: 28ff283b1

Phase 4.1.1.1 BUFG Insertion

Starting Physical Synthesis Task

Phase 1 Physical Synthesis Initialization
INFO: [Physopt 32-721] Multithreading enabled for phys_opt_design using a maximum of 8 CPUs
INFO: [Physopt 32-619] Estimated Timing Summary | WNS=0.190 | TNS=0.000 |
Phase 1 Physical Synthesis Initialization | Checksum: 1a4cd4c97

Time (s): cpu = 00:00:00.65 ; elapsed = 00:00:00.14 . Memory (MB): peak = 3325.379 ; gain = 0.000 ; free physical = 2952 ; free virtual = 11023
INFO: [Place 46-33] Processed net design_1_i/dvi2rgb_0/U0/GenerateBUFG.ResyncToBUFG_X/vid_pVDE, BUFG insertion was skipped due to placement/routing conflicts.
INFO: [Place 46-33] Processed net design_1_i/fir_interface_0/inst/fir_interface_slave_lite_v1_0_S00_AXI_inst/axi_awready_i_1_n_0, BUFG insertion was skipped due to placement/routing conflicts.
INFO: [Place 46-56] BUFG insertion identified 2 candidate nets. Inserted BUFG: 0, Replicated BUFG Driver: 0, Skipped due to Placement/Routing Conflicts: 2, Skipped due to Timing Degradation: 0, Skipped due to netlist editing failed: 0.
Ending Physical Synthesis Task | Checksum: 1cb4a5ef9

Time (s): cpu = 00:00:01 ; elapsed = 00:00:00.3 . Memory (MB): peak = 3325.379 ; gain = 0.000 ; free physical = 2948 ; free virtual = 11018
Phase 4.1.1.1 BUFG Insertion | Checksum: 28ff283b1

Time (s): cpu = 00:00:30 ; elapsed = 00:00:12 . Memory (MB): peak = 3325.379 ; gain = 0.000 ; free physical = 2948 ; free virtual = 11018

Phase 4.1.1.2 Post Placement Timing Optimization
INFO: [Place 30-746] Post Placement Timing Summary WNS=0.864. For the most accurate timing information please run report_timing.
Phase 4.1.1.2 Post Placement Timing Optimization | Checksum: 13c39a04e

Time (s): cpu = 00:00:31 ; elapsed = 00:00:13 . Memory (MB): peak = 3325.379 ; gain = 0.000 ; free physical = 2943 ; free virtual = 11013

Time (s): cpu = 00:00:31 ; elapsed = 00:00:13 . Memory (MB): peak = 3325.379 ; gain = 0.000 ; free physical = 2943 ; free virtual = 11013
Phase 4.1 Post Commit Optimization | Checksum: 13c39a04e

Time (s): cpu = 00:00:31 ; elapsed = 00:00:13 . Memory (MB): peak = 3325.379 ; gain = 0.000 ; free physical = 2943 ; free virtual = 11013

Phase 4.2 Post Placement Cleanup
Phase 4.2 Post Placement Cleanup | Checksum: 13c39a04e

Time (s): cpu = 00:00:31 ; elapsed = 00:00:13 . Memory (MB): peak = 3325.379 ; gain = 0.000 ; free physical = 2943 ; free virtual = 11013

Phase 4.3 Placer Reporting

Phase 4.3.1 Print Estimated Congestion
INFO: [Place 30-612] Post-Placement Estimated Congestion 
 ____________________________________________________
|           | Global Congestion | Short Congestion  |
| Direction | Region Size       | Region Size       |
|___________|___________________|___________________|
|      North|                1x1|                1x1|
|___________|___________________|___________________|
|      South|                1x1|                1x1|
|___________|___________________|___________________|
|       East|                1x1|                1x1|
|___________|___________________|___________________|
|       West|                1x1|                1x1|
|___________|___________________|___________________|

Phase 4.3.1 Print Estimated Congestion | Checksum: 13c39a04e

Time (s): cpu = 00:00:31 ; elapsed = 00:00:13 . Memory (MB): peak = 3325.379 ; gain = 0.000 ; free physical = 2943 ; free virtual = 11013
Phase 4.3 Placer Reporting | Checksum: 13c39a04e

Time (s): cpu = 00:00:31 ; elapsed = 00:00:13 . Memory (MB): peak = 3325.379 ; gain = 0.000 ; free physical = 2943 ; free virtual = 11013

Phase 4.4 Final Placement Cleanup
Netlist sorting complete. Time (s): cpu = 00:00:00.01 ; elapsed = 00:00:00.01 . Memory (MB): peak = 3325.379 ; gain = 0.000 ; free physical = 2943 ; free virtual = 11013

Time (s): cpu = 00:00:31 ; elapsed = 00:00:13 . Memory (MB): peak = 3325.379 ; gain = 0.000 ; free physical = 2943 ; free virtual = 11013
Phase 4 Post Placement Optimization and Clean-Up | Checksum: 8ca1a60b

Time (s): cpu = 00:00:31 ; elapsed = 00:00:13 . Memory (MB): peak = 3325.379 ; gain = 0.000 ; free physical = 2939 ; free virtual = 11009
Ending Placer Task | Checksum: 66d413a1

Time (s): cpu = 00:00:32 ; elapsed = 00:00:13 . Memory (MB): peak = 3325.379 ; gain = 0.000 ; free physical = 2939 ; free virtual = 11010
108 Infos, 12 Warnings, 2 Critical Warnings and 0 Errors encountered.
place_design completed successfully
place_design: Time (s): cpu = 00:00:36 ; elapsed = 00:00:14 . Memory (MB): peak = 3325.379 ; gain = 0.000 ; free physical = 2939 ; free virtual = 11010
INFO: [Vivado 12-24838] Running report commands "report_control_sets, report_io, report_utilization" in parallel.
Running report generation with 3 threads.
INFO: [Vivado 12-24828] Executing command : report_control_sets -verbose -file design_1_wrapper_control_sets_placed.rpt
report_control_sets: Time (s): cpu = 00:00:00.16 ; elapsed = 00:00:00.16 . Memory (MB): peak = 3325.379 ; gain = 0.000 ; free physical = 2914 ; free virtual = 10985
INFO: [Vivado 12-24828] Executing command : report_io -file design_1_wrapper_io_placed.rpt
report_io: Time (s): cpu = 00:00:00.2 ; elapsed = 00:00:00.24 . Memory (MB): peak = 3325.379 ; gain = 0.000 ; free physical = 2909 ; free virtual = 10979
INFO: [Vivado 12-24828] Executing command : report_utilization -file design_1_wrapper_utilization_placed.rpt -pb design_1_wrapper_utilization_placed.pb
INFO: [Timing 38-480] Writing timing data to binary archive.
Write ShapeDB Complete: Time (s): cpu = 00:00:00.11 ; elapsed = 00:00:00.02 . Memory (MB): peak = 3325.379 ; gain = 0.000 ; free physical = 2915 ; free virtual = 10988
Wrote PlaceDB: Time (s): cpu = 00:00:01 ; elapsed = 00:00:00.37 . Memory (MB): peak = 3325.379 ; gain = 0.000 ; free physical = 2883 ; free virtual = 10972
Wrote PulsedLatchDB: Time (s): cpu = 00:00:00 ; elapsed = 00:00:00 . Memory (MB): peak = 3325.379 ; gain = 0.000 ; free physical = 2883 ; free virtual = 10972
Writing XDEF routing.
Writing XDEF routing logical nets.
Writing XDEF routing special nets.
Wrote RouteStorage: Time (s): cpu = 00:00:00.06 ; elapsed = 00:00:00.03 . Memory (MB): peak = 3325.379 ; gain = 0.000 ; free physical = 2883 ; free virtual = 10972
Wrote Netlist Cache: Time (s): cpu = 00:00:00.02 ; elapsed = 00:00:00.01 . Memory (MB): peak = 3325.379 ; gain = 0.000 ; free physical = 2883 ; free virtual = 10973
Wrote Device Cache: Time (s): cpu = 00:00:00.01 ; elapsed = 00:00:00.01 . Memory (MB): peak = 3325.379 ; gain = 0.000 ; free physical = 2883 ; free virtual = 10974
Write Physdb Complete: Time (s): cpu = 00:00:01 ; elapsed = 00:00:00.42 . Memory (MB): peak = 3325.379 ; gain = 0.000 ; free physical = 2883 ; free virtual = 10974
INFO: [Common 17-1381] The checkpoint '/home/cathyhu3/lab3_fir/lab3_fir.runs/impl_1/design_1_wrapper_placed.dcp' has been generated.
Command: phys_opt_design
Attempting to get a license for feature 'Implementation' and/or device 'xc7z020'
INFO: [Common 17-349] Got license for feature 'Implementation' and/or device 'xc7z020'

Starting Initial Update Timing Task

Time (s): cpu = 00:00:03 ; elapsed = 00:00:00.7 . Memory (MB): peak = 3325.379 ; gain = 0.000 ; free physical = 2901 ; free virtual = 10976
INFO: [Vivado_Tcl 4-2279] Estimated Timing Summary | WNS= 0.864 | TNS= 0.000 | 
INFO: [Vivado_Tcl 4-383] Design worst setup slack (WNS) is greater than or equal to 0.000 ns. All physical synthesis setup optimizations will be skipped.
INFO: [Vivado_Tcl 4-232] No setup violation found. The netlist was not modified.
INFO: [Common 17-83] Releasing license: Implementation
119 Infos, 12 Warnings, 2 Critical Warnings and 0 Errors encountered.
phys_opt_design completed successfully
INFO: [Timing 38-480] Writing timing data to binary archive.
Write ShapeDB Complete: Time (s): cpu = 00:00:00.11 ; elapsed = 00:00:00.03 . Memory (MB): peak = 3325.379 ; gain = 0.000 ; free physical = 2897 ; free virtual = 10975
Wrote PlaceDB: Time (s): cpu = 00:00:01 ; elapsed = 00:00:00.37 . Memory (MB): peak = 3325.379 ; gain = 0.000 ; free physical = 2876 ; free virtual = 10969
Wrote PulsedLatchDB: Time (s): cpu = 00:00:00 ; elapsed = 00:00:00 . Memory (MB): peak = 3325.379 ; gain = 0.000 ; free physical = 2876 ; free virtual = 10969
Writing XDEF routing.
Writing XDEF routing logical nets.
Writing XDEF routing special nets.
Wrote RouteStorage: Time (s): cpu = 00:00:00.04 ; elapsed = 00:00:00.03 . Memory (MB): peak = 3325.379 ; gain = 0.000 ; free physical = 2876 ; free virtual = 10969
Wrote Netlist Cache: Time (s): cpu = 00:00:00.02 ; elapsed = 00:00:00.01 . Memory (MB): peak = 3325.379 ; gain = 0.000 ; free physical = 2876 ; free virtual = 10970
Wrote Device Cache: Time (s): cpu = 00:00:00.01 ; elapsed = 00:00:00.01 . Memory (MB): peak = 3325.379 ; gain = 0.000 ; free physical = 2868 ; free virtual = 10963
Write Physdb Complete: Time (s): cpu = 00:00:01 ; elapsed = 00:00:00.42 . Memory (MB): peak = 3325.379 ; gain = 0.000 ; free physical = 2868 ; free virtual = 10963
INFO: [Common 17-1381] The checkpoint '/home/cathyhu3/lab3_fir/lab3_fir.runs/impl_1/design_1_wrapper_physopt.dcp' has been generated.
Command: route_design
Attempting to get a license for feature 'Implementation' and/or device 'xc7z020'
INFO: [Common 17-349] Got license for feature 'Implementation' and/or device 'xc7z020'


Starting Routing Task
INFO: [Route 35-254] Multithreading enabled for route_design using a maximum of 8 CPUs

Phase 1 Build RT Design
Checksum: PlaceDB: 39c60e67 ConstDB: 0 ShapeSum: 1714924a RouteDB: 15f972f0
Post Restoration Checksum: NetGraph: bfc2712a | NumContArr: dccbf5a4 | Constraints: c2a8fa9d | Timing: c2a8fa9d
Phase 1 Build RT Design | Checksum: 321e05c08

Time (s): cpu = 00:00:18 ; elapsed = 00:00:13 . Memory (MB): peak = 3325.379 ; gain = 0.000 ; free physical = 2769 ; free virtual = 10849

Phase 2 Router Initialization

Phase 2.1 Fix Topology Constraints
Phase 2.1 Fix Topology Constraints | Checksum: 321e05c08

Time (s): cpu = 00:00:19 ; elapsed = 00:00:13 . Memory (MB): peak = 3325.379 ; gain = 0.000 ; free physical = 2769 ; free virtual = 10849

Phase 2.2 Pre Route Cleanup
Phase 2.2 Pre Route Cleanup | Checksum: 321e05c08

Time (s): cpu = 00:00:19 ; elapsed = 00:00:13 . Memory (MB): peak = 3325.379 ; gain = 0.000 ; free physical = 2769 ; free virtual = 10849
 Number of Nodes with overlaps = 0

Phase 2.3 Update Timing
Phase 2.3 Update Timing | Checksum: 1f42cb668

Time (s): cpu = 00:00:24 ; elapsed = 00:00:15 . Memory (MB): peak = 3332.359 ; gain = 6.980 ; free physical = 2744 ; free virtual = 10824
INFO: [Route 35-416] Intermediate Timing Summary | WNS=0.845  | TNS=0.000  | WHS=-0.759 | THS=-158.163|


Phase 2.4 Update Timing for Bus Skew

Phase 2.4.1 Update Timing
Phase 2.4.1 Update Timing | Checksum: 22f01f3b3

Time (s): cpu = 00:00:28 ; elapsed = 00:00:16 . Memory (MB): peak = 3332.359 ; gain = 6.980 ; free physical = 2775 ; free virtual = 10855
INFO: [Route 35-416] Intermediate Timing Summary | WNS=0.845  | TNS=0.000  | WHS=-1.574 | THS=-41.610|

Phase 2.4 Update Timing for Bus Skew | Checksum: 1a705505a

Time (s): cpu = 00:00:28 ; elapsed = 00:00:16 . Memory (MB): peak = 3348.359 ; gain = 22.980 ; free physical = 2772 ; free virtual = 10856

Phase 2.5 Soft Constraint Pins - Fast Budgeting
Phase 2.5 Soft Constraint Pins - Fast Budgeting | Checksum: 1a705505a

Time (s): cpu = 00:00:28 ; elapsed = 00:00:16 . Memory (MB): peak = 3356.359 ; gain = 30.980 ; free physical = 2758 ; free virtual = 10842

Router Utilization Summary
  Global Vertical Routing Utilization    = 0.00248524 %
  Global Horizontal Routing Utilization  = 0.000422583 %
  Routable Net Status*
  *Does not include unroutable nets such as driverless and loadless.
  Run report_route_status for detailed report.
  Number of Failed Nets               = 13140
    (Failed Nets is the sum of unrouted and partially routed nets)
  Number of Unrouted Nets             = 13140
  Number of Partially Routed Nets     = 0
  Number of Node Overlaps             = 0

Phase 2 Router Initialization | Checksum: 2502c30cb

Time (s): cpu = 00:00:28 ; elapsed = 00:00:16 . Memory (MB): peak = 3356.359 ; gain = 30.980 ; free physical = 2758 ; free virtual = 10842

Phase 3 Global Routing
Phase 3 Global Routing | Checksum: 2502c30cb

Time (s): cpu = 00:00:28 ; elapsed = 00:00:16 . Memory (MB): peak = 3356.359 ; gain = 30.980 ; free physical = 2758 ; free virtual = 10842

Phase 4 Initial Routing

Phase 4.1 Initial Net Routing Pass
Phase 4.1 Initial Net Routing Pass | Checksum: 2c93f363b

Time (s): cpu = 00:00:30 ; elapsed = 00:00:16 . Memory (MB): peak = 3356.359 ; gain = 30.980 ; free physical = 2758 ; free virtual = 10842
Phase 4 Initial Routing | Checksum: 2c93f363b

Time (s): cpu = 00:00:30 ; elapsed = 00:00:16 . Memory (MB): peak = 3356.359 ; gain = 30.980 ; free physical = 2758 ; free virtual = 10842

Phase 5 Rip-up And Reroute

Phase 5.1 Global Iteration 0
 Number of Nodes with overlaps = 455
 Number of Nodes with overlaps = 31
 Number of Nodes with overlaps = 15
 Number of Nodes with overlaps = 10
 Number of Nodes with overlaps = 1
 Number of Nodes with overlaps = 2
 Number of Nodes with overlaps = 1
 Number of Nodes with overlaps = 2
 Number of Nodes with overlaps = 0
INFO: [Route 35-416] Intermediate Timing Summary | WNS=0.843  | TNS=0.000  | WHS=N/A    | THS=N/A    |

Phase 5.1 Global Iteration 0 | Checksum: 2c9b68c8e

Time (s): cpu = 00:00:34 ; elapsed = 00:00:19 . Memory (MB): peak = 3356.359 ; gain = 30.980 ; free physical = 2758 ; free virtual = 10841

Phase 5.2 Global Iteration 1
 Number of Nodes with overlaps = 3
 Number of Nodes with overlaps = 0
INFO: [Route 35-416] Intermediate Timing Summary | WNS=0.843  | TNS=0.000  | WHS=N/A    | THS=N/A    |

Phase 5.2 Global Iteration 1 | Checksum: 220b0051e

Time (s): cpu = 00:00:35 ; elapsed = 00:00:19 . Memory (MB): peak = 3356.359 ; gain = 30.980 ; free physical = 2758 ; free virtual = 10841
Phase 5 Rip-up And Reroute | Checksum: 220b0051e

Time (s): cpu = 00:00:35 ; elapsed = 00:00:19 . Memory (MB): peak = 3356.359 ; gain = 30.980 ; free physical = 2758 ; free virtual = 10841

Phase 6 Delay and Skew Optimization

Phase 6.1 Delay CleanUp

Phase 6.1.1 Update Timing
Phase 6.1.1 Update Timing | Checksum: 15c6e7fb5

Time (s): cpu = 00:00:36 ; elapsed = 00:00:19 . Memory (MB): peak = 3356.359 ; gain = 30.980 ; free physical = 2758 ; free virtual = 10841
INFO: [Route 35-416] Intermediate Timing Summary | WNS=0.904  | TNS=0.000  | WHS=N/A    | THS=N/A    |

Phase 6.1 Delay CleanUp | Checksum: 1b5366329

Time (s): cpu = 00:00:36 ; elapsed = 00:00:19 . Memory (MB): peak = 3356.359 ; gain = 30.980 ; free physical = 2758 ; free virtual = 10841

Phase 6.2 Clock Skew Optimization
Phase 6.2 Clock Skew Optimization | Checksum: 1b5366329

Time (s): cpu = 00:00:36 ; elapsed = 00:00:19 . Memory (MB): peak = 3356.359 ; gain = 30.980 ; free physical = 2758 ; free virtual = 10841
Phase 6 Delay and Skew Optimization | Checksum: 1b5366329

Time (s): cpu = 00:00:36 ; elapsed = 00:00:19 . Memory (MB): peak = 3356.359 ; gain = 30.980 ; free physical = 2758 ; free virtual = 10841

Phase 7 Post Hold Fix

Phase 7.1 Hold Fix Iter
INFO: [Route 35-416] Intermediate Timing Summary | WNS=0.904  | TNS=0.000  | WHS=0.033  | THS=0.000  |

Phase 7.1 Hold Fix Iter | Checksum: 18d2f9543

Time (s): cpu = 00:00:37 ; elapsed = 00:00:19 . Memory (MB): peak = 3356.359 ; gain = 30.980 ; free physical = 2758 ; free virtual = 10841
Phase 7 Post Hold Fix | Checksum: 18d2f9543

Time (s): cpu = 00:00:37 ; elapsed = 00:00:19 . Memory (MB): peak = 3356.359 ; gain = 30.980 ; free physical = 2758 ; free virtual = 10841

Phase 8 Route finalize

Router Utilization Summary
  Global Vertical Routing Utilization    = 2.20457 %
  Global Horizontal Routing Utilization  = 2.77612 %
  Routable Net Status*
  *Does not include unroutable nets such as driverless and loadless.
  Run report_route_status for detailed report.
  Number of Failed Nets               = 0
    (Failed Nets is the sum of unrouted and partially routed nets)
  Number of Unrouted Nets             = 0
  Number of Partially Routed Nets     = 0
  Number of Node Overlaps             = 0

Phase 8 Route finalize | Checksum: 18d2f9543

Time (s): cpu = 00:00:37 ; elapsed = 00:00:19 . Memory (MB): peak = 3356.359 ; gain = 30.980 ; free physical = 2758 ; free virtual = 10841

Phase 9 Verifying routed nets

 Verification completed successfully
Phase 9 Verifying routed nets | Checksum: 18d2f9543

Time (s): cpu = 00:00:37 ; elapsed = 00:00:19 . Memory (MB): peak = 3356.359 ; gain = 30.980 ; free physical = 2758 ; free virtual = 10841

Phase 10 Depositing Routes
Phase 10 Depositing Routes | Checksum: 17a4a7424

Time (s): cpu = 00:00:38 ; elapsed = 00:00:19 . Memory (MB): peak = 3356.359 ; gain = 30.980 ; free physical = 2759 ; free virtual = 10843

Phase 11 Post Process Routing
Phase 11 Post Process Routing | Checksum: 17a4a7424

Time (s): cpu = 00:00:38 ; elapsed = 00:00:19 . Memory (MB): peak = 3356.359 ; gain = 30.980 ; free physical = 2759 ; free virtual = 10843

Phase 12 Post Router Timing
INFO: [Route 35-57] Estimated Timing Summary | WNS=0.904  | TNS=0.000  | WHS=0.033  | THS=0.000  |

INFO: [Route 35-327] The final timing numbers are based on the router estimated timing analysis. For a complete and accurate timing signoff, please run report_timing_summary.
Phase 12 Post Router Timing | Checksum: 17a4a7424

Time (s): cpu = 00:00:38 ; elapsed = 00:00:19 . Memory (MB): peak = 3356.359 ; gain = 30.980 ; free physical = 2763 ; free virtual = 10847
Total Elapsed time in route_design: 19.43 secs

Phase 13 Post-Route Event Processing
Phase 13 Post-Route Event Processing | Checksum: 8d8c39f0

Time (s): cpu = 00:00:38 ; elapsed = 00:00:19 . Memory (MB): peak = 3356.359 ; gain = 30.980 ; free physical = 2775 ; free virtual = 10859
INFO: [Route 35-16] Router Completed Successfully
Ending Routing Task | Checksum: 8d8c39f0

Time (s): cpu = 00:00:38 ; elapsed = 00:00:20 . Memory (MB): peak = 3356.359 ; gain = 30.980 ; free physical = 2775 ; free virtual = 10859

Routing Is Done.
INFO: [Common 17-83] Releasing license: Implementation
133 Infos, 12 Warnings, 2 Critical Warnings and 0 Errors encountered.
route_design completed successfully
route_design: Time (s): cpu = 00:00:38 ; elapsed = 00:00:20 . Memory (MB): peak = 3356.359 ; gain = 30.980 ; free physical = 2775 ; free virtual = 10859
INFO: [Vivado 12-24828] Executing command : report_drc -file design_1_wrapper_drc_routed.rpt -pb design_1_wrapper_drc_routed.pb -rpx design_1_wrapper_drc_routed.rpx
Command: report_drc -file design_1_wrapper_drc_routed.rpt -pb design_1_wrapper_drc_routed.pb -rpx design_1_wrapper_drc_routed.rpx
INFO: [IP_Flow 19-1839] IP Catalog is up to date.
INFO: [DRC 23-27] Running DRC with 8 threads
INFO: [Vivado_Tcl 2-168] The results of DRC are in file /home/cathyhu3/lab3_fir/lab3_fir.runs/impl_1/design_1_wrapper_drc_routed.rpt.
report_drc completed successfully
INFO: [Vivado 12-24828] Executing command : report_methodology -file design_1_wrapper_methodology_drc_routed.rpt -pb design_1_wrapper_methodology_drc_routed.pb -rpx design_1_wrapper_methodology_drc_routed.rpx
Command: report_methodology -file design_1_wrapper_methodology_drc_routed.rpt -pb design_1_wrapper_methodology_drc_routed.pb -rpx design_1_wrapper_methodology_drc_routed.rpx
INFO: [Timing 38-35] Done setting XDC timing constraints.
INFO: [DRC 23-133] Running Methodology with 8 threads
INFO: [Vivado_Tcl 2-1520] The results of Report Methodology are in file /home/cathyhu3/lab3_fir/lab3_fir.runs/impl_1/design_1_wrapper_methodology_drc_routed.rpt.
report_methodology completed successfully
INFO: [Vivado 12-24828] Executing command : report_timing_summary -max_paths 10 -routable_nets -report_unconstrained -file design_1_wrapper_timing_summary_routed.rpt -pb design_1_wrapper_timing_summary_routed.pb -rpx design_1_wrapper_timing_summary_routed.rpx -warn_on_violation 
INFO: [Timing 38-35] Done setting XDC timing constraints.
INFO: [Timing 38-91] UpdateTimingParams: Speed grade: -1, Delay Type: min_max.
INFO: [Timing 38-191] Multithreading enabled for timing update using a maximum of 8 CPUs
WARNING: [Timing 38-436] There are set_bus_skew constraint(s) in this design. Please run report_bus_skew to ensure that bus skew requirements are met.
INFO: [Vivado 12-24838] Running report commands "report_bus_skew, report_incremental_reuse, report_route_status" in parallel.
Running report generation with 3 threads.
INFO: [Vivado 12-24828] Executing command : report_incremental_reuse -file design_1_wrapper_incremental_reuse_routed.rpt
INFO: [Vivado_Tcl 4-1062] Incremental flow is disabled. No incremental reuse Info to report.
INFO: [Vivado 12-24828] Executing command : report_route_status -file design_1_wrapper_route_status.rpt -pb design_1_wrapper_route_status.pb
INFO: [Vivado 12-24828] Executing command : report_bus_skew -warn_on_violation -file design_1_wrapper_bus_skew_routed.rpt -pb design_1_wrapper_bus_skew_routed.pb -rpx design_1_wrapper_bus_skew_routed.rpx
INFO: [Timing 38-91] UpdateTimingParams: Speed grade: -1, Delay Type: min_max.
INFO: [Timing 38-191] Multithreading enabled for timing update using a maximum of 8 CPUs
INFO: [Vivado 12-24828] Executing command : report_power -file design_1_wrapper_power_routed.rpt -pb design_1_wrapper_power_summary_routed.pb -rpx design_1_wrapper_power_routed.rpx
Command: report_power -file design_1_wrapper_power_routed.rpt -pb design_1_wrapper_power_summary_routed.pb -rpx design_1_wrapper_power_routed.rpx
Running Vector-less Activity Propagation...

Finished Running Vector-less Activity Propagation
153 Infos, 13 Warnings, 2 Critical Warnings and 0 Errors encountered.
report_power completed successfully
INFO: [Vivado 12-24828] Executing command : report_clock_utilization -file design_1_wrapper_clock_utilization_routed.rpt
generate_parallel_reports: Time (s): cpu = 00:00:27 ; elapsed = 00:00:08 . Memory (MB): peak = 3514.871 ; gain = 158.512 ; free physical = 2641 ; free virtual = 10737
INFO: [Timing 38-480] Writing timing data to binary archive.
Write ShapeDB Complete: Time (s): cpu = 00:00:00.11 ; elapsed = 00:00:00.03 . Memory (MB): peak = 3514.871 ; gain = 0.000 ; free physical = 2637 ; free virtual = 10735
Wrote PlaceDB: Time (s): cpu = 00:00:01 ; elapsed = 00:00:00.38 . Memory (MB): peak = 3514.871 ; gain = 0.000 ; free physical = 2605 ; free virtual = 10720
Wrote PulsedLatchDB: Time (s): cpu = 00:00:00 ; elapsed = 00:00:00 . Memory (MB): peak = 3514.871 ; gain = 0.000 ; free physical = 2605 ; free virtual = 10720
Writing XDEF routing.
Writing XDEF routing logical nets.
Writing XDEF routing special nets.
Wrote RouteStorage: Time (s): cpu = 00:00:00.17 ; elapsed = 00:00:00.08 . Memory (MB): peak = 3514.871 ; gain = 0.000 ; free physical = 2604 ; free virtual = 10720
Wrote Netlist Cache: Time (s): cpu = 00:00:00.02 ; elapsed = 00:00:00.01 . Memory (MB): peak = 3514.871 ; gain = 0.000 ; free physical = 2603 ; free virtual = 10720
Wrote Device Cache: Time (s): cpu = 00:00:00 ; elapsed = 00:00:00.01 . Memory (MB): peak = 3514.871 ; gain = 0.000 ; free physical = 2602 ; free virtual = 10720
Write Physdb Complete: Time (s): cpu = 00:00:01 ; elapsed = 00:00:00.49 . Memory (MB): peak = 3514.871 ; gain = 0.000 ; free physical = 2602 ; free virtual = 10720
INFO: [Common 17-1381] The checkpoint '/home/cathyhu3/lab3_fir/lab3_fir.runs/impl_1/design_1_wrapper_routed.dcp' has been generated.
Command: write_bitstream -force design_1_wrapper.bit
Attempting to get a license for feature 'Implementation' and/or device 'xc7z020'
INFO: [Common 17-349] Got license for feature 'Implementation' and/or device 'xc7z020'
Running DRC as a precondition to command write_bitstream
INFO: [IP_Flow 19-1839] IP Catalog is up to date.
INFO: [DRC 23-27] Running DRC with 8 threads
INFO: [Vivado 12-3199] DRC finished with 0 Errors
INFO: [Vivado 12-3200] Please refer to the DRC report (report_drc) for more information.
INFO: [Designutils 20-2272] Running write_bitstream with 8 threads.
Loading data files...
Loading site data...
Loading route data...
Processing options...
Creating bitmap...
Creating bitstream...
Writing bitstream ./design_1_wrapper.bit...
INFO: [Vivado 12-1842] Bitgen Completed Successfully.
INFO: [Project 1-1876] WebTalk data collection is mandatory when using a ULT device. To see the specific WebTalk data collected for your design, open the usage_statistics_webtalk.html or usage_statistics_webtalk.xml file in the implementation directory.
INFO: [Common 17-83] Releasing license: Implementation
165 Infos, 13 Warnings, 2 Critical Warnings and 0 Errors encountered.
write_bitstream completed successfully
write_bitstream: Time (s): cpu = 00:00:23 ; elapsed = 00:00:28 . Memory (MB): peak = 3828.023 ; gain = 217.102 ; free physical = 2216 ; free virtual = 10322
INFO: [Common 17-206] Exiting Vivado at Tue Sep 30 16:00:32 2025...
