Copyright 1986-2022 Xilinx, Inc. All Rights Reserved. Copyright 2022-2025 Advanced Micro Devices, Inc. All Rights Reserved.
---------------------------------------------------------------------------------------------------------------------------------------------
| Tool Version : Vivado v.2025.1 (lin64) Build 6140274 Wed May 21 22:58:25 MDT 2025
| Date         : Thu Sep 18 15:21:37 2025
| Host         : eecs-digital-40 running 64-bit Ubuntu 24.04.3 LTS
| Command      : upgrade_ip
| Device       : xc7z020clg400-1
---------------------------------------------------------------------------------------------------------------------------------------------

Upgrade Log for IP 'spi_max_disp_interface_0_0'

1. Summary
----------

SUCCESS in the upgrade of spi_max_disp_interface_0_0 (user.org:user:disp_interface:1.0) from (Rev. 11) to (Rev. 12)






Copyright 1986-2022 Xilinx, Inc. All Rights Reserved. Copyright 2022-2025 Advanced Micro Devices, Inc. All Rights Reserved.
---------------------------------------------------------------------------------------------------------------------------------------------
| Tool Version : Vivado v.2025.1 (lin64) Build 6140274 Wed May 21 22:58:25 MDT 2025
| Date         : Thu Sep 18 14:31:52 2025
| Host         : eecs-digital-40 running 64-bit Ubuntu 24.04.3 LTS
| Command      : upgrade_ip
| Device       : xc7z020clg400-1
---------------------------------------------------------------------------------------------------------------------------------------------

Upgrade Log for IP 'spi_max_disp_interface_0_0'

1. Summary
----------

CAUTION (success, with warnings) in the upgrade of spi_max_disp_interface_0_0 (user.org:user:disp_interface:1.0) from (Rev. 10) to (Rev. 11)

After upgrade, an IP may have parameter and port differences compared to the original customization. Please review the parameters within the IP customization GUI to ensure proper functionality. Also, please review the updated IP instantiation template to ensure proper connectivity, and update your design if required.

2. Connection Warnings
----------------------

Detected external port differences while upgrading 'spi_max_disp_interface_0_0'. These changes may impact your design.


-Upgrade has added port 'btns'

-Upgrade has added port 'command'

-Upgrade has added port 'trigger'







Copyright 1986-2022 Xilinx, Inc. All Rights Reserved. Copyright 2022-2025 Advanced Micro Devices, Inc. All Rights Reserved.
---------------------------------------------------------------------------------------------------------------------------------------------
| Tool Version : Vivado v.2025.1 (lin64) Build 6140274 Wed May 21 22:58:25 MDT 2025
| Date         : Thu Sep 18 14:29:44 2025
| Host         : eecs-digital-40 running 64-bit Ubuntu 24.04.3 LTS
| Command      : upgrade_ip
| Device       : xc7z020clg400-1
---------------------------------------------------------------------------------------------------------------------------------------------

Upgrade Log for IP 'spi_max_disp_interface_0_0'

1. Summary
----------

SUCCESS in the upgrade of spi_max_disp_interface_0_0 (user.org:user:disp_interface:1.0) from (Rev. 9) to (Rev. 10)






Copyright 1986-2022 Xilinx, Inc. All Rights Reserved. Copyright 2022-2025 Advanced Micro Devices, Inc. All Rights Reserved.
---------------------------------------------------------------------------------------------------------------------------------------------
| Tool Version : Vivado v.2025.1 (lin64) Build 6140274 Wed May 21 22:58:25 MDT 2025
| Date         : Thu Sep 18 14:27:07 2025
| Host         : eecs-digital-40 running 64-bit Ubuntu 24.04.3 LTS
| Command      : upgrade_ip
| Device       : xc7z020clg400-1
---------------------------------------------------------------------------------------------------------------------------------------------

Upgrade Log for IP 'spi_max_disp_interface_0_0'

1. Summary
----------

SUCCESS in the upgrade of spi_max_disp_interface_0_0 (user.org:user:disp_interface:1.0) from (Rev. 7) to (Rev. 9)






Copyright 1986-2022 Xilinx, Inc. All Rights Reserved. Copyright 2022-2025 Advanced Micro Devices, Inc. All Rights Reserved.
---------------------------------------------------------------------------------------------------------------------------------------------
| Tool Version : Vivado v.2025.1 (lin64) Build 6140274 Wed May 21 22:58:25 MDT 2025
| Date         : Thu Sep 18 14:22:12 2025
| Host         : eecs-digital-40 running 64-bit Ubuntu 24.04.3 LTS
| Command      : upgrade_ip
| Device       : xc7z020clg400-1
---------------------------------------------------------------------------------------------------------------------------------------------

Upgrade Log for IP 'spi_max_disp_interface_0_0'

1. Summary
----------

SUCCESS in the upgrade of spi_max_disp_interface_0_0 (user.org:user:disp_interface:1.0) from (Rev. 6) to (Rev. 7)






Copyright 1986-2022 Xilinx, Inc. All Rights Reserved. Copyright 2022-2025 Advanced Micro Devices, Inc. All Rights Reserved.
---------------------------------------------------------------------------------------------------------------------------------------------
| Tool Version : Vivado v.2025.1 (lin64) Build 6140274 Wed May 21 22:58:25 MDT 2025
| Date         : Thu Sep 18 14:15:32 2025
| Host         : eecs-digital-40 running 64-bit Ubuntu 24.04.3 LTS
| Command      : upgrade_ip
| Device       : xc7z020clg400-1
---------------------------------------------------------------------------------------------------------------------------------------------

Upgrade Log for IP 'spi_max_disp_interface_0_0'

1. Summary
----------

SUCCESS in the upgrade of spi_max_disp_interface_0_0 (user.org:user:disp_interface:1.0) from (Rev. 2) to (Rev. 6)

