
*** Running vivado
    with args -log spi_max_wrapper.vds -m64 -product Vivado -mode batch -messageDb vivado.pb -notrace -source spi_max_wrapper.tcl


****** Vivado v2025.1 (64-bit)
  **** SW Build 6140274 on Wed May 21 22:58:25 MDT 2025
  **** IP Build 6138677 on Thu May 22 03:10:11 MDT 2025
  **** SharedData Build 6139179 on Tue May 20 17:58:58 MDT 2025
  **** Start of session at: Thu Sep 18 15:22:22 2025
    ** Copyright 1986-2022 Xilinx, Inc. All Rights Reserved.
    ** Copyright 2022-2025 Advanced Micro Devices, Inc. All Rights Reserved.

source spi_max_wrapper.tcl -notrace
INFO: [IP_Flow 19-234] Refreshing IP repositories
INFO: [IP_Flow 19-1700] Loaded user IP repository '/home/cathyhu3/s965/pz2/ip_repo/disp_interface_1_0'.
INFO: [IP_Flow 19-2313] Loaded Vivado IP repository '/tools/Xilinx/2025.1/Vivado/data/ip'.
Command: read_checkpoint -auto_incremental -incremental /home/cathyhu3/s965/pz2/lab2_spi_maxdisplay/lab2_spi_maxdisplay.srcs/utils_1/imports/synth_1/spi_tx_w.dcp
INFO: [Vivado 12-5825] Read reference checkpoint from /home/cathyhu3/s965/pz2/lab2_spi_maxdisplay/lab2_spi_maxdisplay.srcs/utils_1/imports/synth_1/spi_tx_w.dcp for incremental synthesis
INFO: [Vivado 12-7989] Please ensure there are no constraint changes
Command: synth_design -top spi_max_wrapper -part xc7z020clg400-1
Starting synth_design
Attempting to get a license for feature 'Synthesis' and/or device 'xc7z020'
INFO: [Common 17-349] Got license for feature 'Synthesis' and/or device 'xc7z020'
INFO: [Device 21-403] Loading part xc7z020clg400-1
INFO: [Designutils 20-5440] No compile time benefit to using incremental synthesis; A full resynthesis will be run
INFO: [Designutils 20-4379] Flow is switching to default flow due to incremental criteria not met. If you would like to alter this behaviour and have the flow terminate instead, please set the following parameter config_implementation {autoIncr.Synth.RejectBehavior Terminate}
INFO: [Synth 8-7079] Multithreading enabled for synth_design using a maximum of 7 processes.
INFO: [Synth 8-7078] Launching helper process for spawning children vivado processes
INFO: [Synth 8-7075] Helper process launched with PID 1123001
---------------------------------------------------------------------------------
Starting RTL Elaboration : Time (s): cpu = 00:00:03 ; elapsed = 00:00:04 . Memory (MB): peak = 2191.719 ; gain = 439.828 ; free physical = 1405 ; free virtual = 18300
---------------------------------------------------------------------------------
INFO: [Synth 8-6157] synthesizing module 'spi_max_wrapper' [/home/cathyhu3/s965/pz2/lab2_spi_maxdisplay/lab2_spi_maxdisplay.gen/sources_1/bd/spi_max/hdl/spi_max_wrapper.v:13]
INFO: [Synth 8-6157] synthesizing module 'spi_max' [/home/cathyhu3/s965/pz2/lab2_spi_maxdisplay/lab2_spi_maxdisplay.gen/sources_1/bd/spi_max/synth/spi_max.v:13]
INFO: [Synth 8-6157] synthesizing module 'spi_max_axi_smc_0' [/home/cathyhu3/s965/pz2/lab2_spi_maxdisplay/lab2_spi_maxdisplay.gen/sources_1/bd/spi_max/ip/spi_max_axi_smc_0/synth/spi_max_axi_smc_0.v:53]
INFO: [Synth 8-6157] synthesizing module 'bd_e4dc' [/home/cathyhu3/s965/pz2/lab2_spi_maxdisplay/lab2_spi_maxdisplay.gen/sources_1/bd/spi_max/ip/spi_max_axi_smc_0/bd_0/synth/bd_e4dc.v:10]
INFO: [Synth 8-6157] synthesizing module 'clk_map_imp_1LZSEVA' [/home/cathyhu3/s965/pz2/lab2_spi_maxdisplay/lab2_spi_maxdisplay.gen/sources_1/bd/spi_max/ip/spi_max_axi_smc_0/bd_0/synth/bd_e4dc.v:660]
INFO: [Synth 8-6157] synthesizing module 'bd_e4dc_one_0' [/home/cathyhu3/s965/pz2/lab2_spi_maxdisplay/lab2_spi_maxdisplay.gen/sources_1/bd/spi_max/ip/spi_max_axi_smc_0/bd_0/ip/ip_0/synth/bd_e4dc_one_0.v:53]
INFO: [Synth 8-6157] synthesizing module 'xlconstant_v1_1_10_xlconstant' [/home/cathyhu3/s965/pz2/lab2_spi_maxdisplay/lab2_spi_maxdisplay.gen/sources_1/bd/spi_max/ipshared/a165/hdl/xlconstant_v1_1_vl_rfs.v:68]
INFO: [Synth 8-6155] done synthesizing module 'xlconstant_v1_1_10_xlconstant' (0#1) [/home/cathyhu3/s965/pz2/lab2_spi_maxdisplay/lab2_spi_maxdisplay.gen/sources_1/bd/spi_max/ipshared/a165/hdl/xlconstant_v1_1_vl_rfs.v:68]
INFO: [Synth 8-6155] done synthesizing module 'bd_e4dc_one_0' (0#1) [/home/cathyhu3/s965/pz2/lab2_spi_maxdisplay/lab2_spi_maxdisplay.gen/sources_1/bd/spi_max/ip/spi_max_axi_smc_0/bd_0/ip/ip_0/synth/bd_e4dc_one_0.v:53]
INFO: [Synth 8-638] synthesizing module 'bd_e4dc_psr_aclk_0' [/home/cathyhu3/s965/pz2/lab2_spi_maxdisplay/lab2_spi_maxdisplay.gen/sources_1/bd/spi_max/ip/spi_max_axi_smc_0/bd_0/ip/ip_1/synth/bd_e4dc_psr_aclk_0.vhd:74]
	Parameter C_FAMILY bound to: zynq - type: string 
	Parameter C_EXT_RST_WIDTH bound to: 4 - type: integer 
	Parameter C_AUX_RST_WIDTH bound to: 1 - type: integer 
	Parameter C_EXT_RESET_HIGH bound to: 1'b0 
	Parameter C_AUX_RESET_HIGH bound to: 1'b0 
	Parameter C_NUM_BUS_RST bound to: 1 - type: integer 
	Parameter C_NUM_PERP_RST bound to: 1 - type: integer 
	Parameter C_NUM_INTERCONNECT_ARESETN bound to: 1 - type: integer 
	Parameter C_NUM_PERP_ARESETN bound to: 1 - type: integer 
INFO: [Synth 8-3491] module 'proc_sys_reset' declared at '/home/cathyhu3/s965/pz2/lab2_spi_maxdisplay/lab2_spi_maxdisplay.gen/sources_1/bd/spi_max/ipshared/9438/hdl/proc_sys_reset_v5_0_vh_rfs.vhd:1243' bound to instance 'U0' of component 'proc_sys_reset' [/home/cathyhu3/s965/pz2/lab2_spi_maxdisplay/lab2_spi_maxdisplay.gen/sources_1/bd/spi_max/ip/spi_max_axi_smc_0/bd_0/ip/ip_1/synth/bd_e4dc_psr_aclk_0.vhd:139]
INFO: [Synth 8-638] synthesizing module 'proc_sys_reset' [/home/cathyhu3/s965/pz2/lab2_spi_maxdisplay/lab2_spi_maxdisplay.gen/sources_1/bd/spi_max/ipshared/9438/hdl/proc_sys_reset_v5_0_vh_rfs.vhd:1302]
	Parameter INIT bound to: 1'b1 
INFO: [Synth 8-113] binding component instance 'FDRE_inst' to cell 'FDRE' [/home/cathyhu3/s965/pz2/lab2_spi_maxdisplay/lab2_spi_maxdisplay.gen/sources_1/bd/spi_max/ipshared/9438/hdl/proc_sys_reset_v5_0_vh_rfs.vhd:1371]
	Parameter INIT bound to: 1'b1 
INFO: [Synth 8-113] binding component instance 'FDRE_BSR' to cell 'FDRE' [/home/cathyhu3/s965/pz2/lab2_spi_maxdisplay/lab2_spi_maxdisplay.gen/sources_1/bd/spi_max/ipshared/9438/hdl/proc_sys_reset_v5_0_vh_rfs.vhd:1387]
	Parameter INIT bound to: 1'b0 
INFO: [Synth 8-113] binding component instance 'FDRE_BSR_N' to cell 'FDRE' [/home/cathyhu3/s965/pz2/lab2_spi_maxdisplay/lab2_spi_maxdisplay.gen/sources_1/bd/spi_max/ipshared/9438/hdl/proc_sys_reset_v5_0_vh_rfs.vhd:1413]
	Parameter INIT bound to: 1'b1 
INFO: [Synth 8-113] binding component instance 'FDRE_PER' to cell 'FDRE' [/home/cathyhu3/s965/pz2/lab2_spi_maxdisplay/lab2_spi_maxdisplay.gen/sources_1/bd/spi_max/ipshared/9438/hdl/proc_sys_reset_v5_0_vh_rfs.vhd:1436]
	Parameter INIT bound to: 1'b0 
INFO: [Synth 8-113] binding component instance 'FDRE_PER_N' to cell 'FDRE' [/home/cathyhu3/s965/pz2/lab2_spi_maxdisplay/lab2_spi_maxdisplay.gen/sources_1/bd/spi_max/ipshared/9438/hdl/proc_sys_reset_v5_0_vh_rfs.vhd:1460]
INFO: [Synth 8-638] synthesizing module 'lpf' [/home/cathyhu3/s965/pz2/lab2_spi_maxdisplay/lab2_spi_maxdisplay.gen/sources_1/bd/spi_max/ipshared/9438/hdl/proc_sys_reset_v5_0_vh_rfs.vhd:821]
INFO: [Synth 8-3491] module 'SRL16' declared at '/tools/Xilinx/2025.1/Vivado/scripts/rt/data/unisim_comp.v:158596' bound to instance 'POR_SRL_I' of component 'SRL16' [/home/cathyhu3/s965/pz2/lab2_spi_maxdisplay/lab2_spi_maxdisplay.gen/sources_1/bd/spi_max/ipshared/9438/hdl/proc_sys_reset_v5_0_vh_rfs.vhd:873]
INFO: [Synth 8-6157] synthesizing module 'SRL16' [/tools/Xilinx/2025.1/Vivado/scripts/rt/data/unisim_comp.v:158596]
INFO: [Synth 8-6155] done synthesizing module 'SRL16' (0#1) [/tools/Xilinx/2025.1/Vivado/scripts/rt/data/unisim_comp.v:158596]
	Parameter DEST_SYNC_FF bound to: 4 - type: integer 
	Parameter INIT_SYNC_FF bound to: 0 - type: integer 
	Parameter SIM_ASSERT_CHK bound to: 0 - type: integer 
	Parameter SRC_INPUT_REG bound to: 0 - type: integer 
INFO: [Synth 8-3491] module 'xpm_cdc_single' declared at '/tools/Xilinx/2025.1/Vivado/data/ip/xpm/xpm_cdc/hdl/xpm_cdc.sv:152' bound to instance 'ACT_LO_EXT' of component 'xpm_cdc_single' [/home/cathyhu3/s965/pz2/lab2_spi_maxdisplay/lab2_spi_maxdisplay.gen/sources_1/bd/spi_max/ipshared/9438/hdl/proc_sys_reset_v5_0_vh_rfs.vhd:968]
INFO: [Synth 8-6157] synthesizing module 'xpm_cdc_single' [/tools/Xilinx/2025.1/Vivado/data/ip/xpm/xpm_cdc/hdl/xpm_cdc.sv:152]
INFO: [Synth 8-6155] done synthesizing module 'xpm_cdc_single' (0#1) [/tools/Xilinx/2025.1/Vivado/data/ip/xpm/xpm_cdc/hdl/xpm_cdc.sv:152]
	Parameter DEST_SYNC_FF bound to: 4 - type: integer 
	Parameter INIT_SYNC_FF bound to: 0 - type: integer 
	Parameter SIM_ASSERT_CHK bound to: 0 - type: integer 
	Parameter SRC_INPUT_REG bound to: 0 - type: integer 
INFO: [Synth 8-3491] module 'xpm_cdc_single' declared at '/tools/Xilinx/2025.1/Vivado/data/ip/xpm/xpm_cdc/hdl/xpm_cdc.sv:152' bound to instance 'ACT_LO_AUX' of component 'xpm_cdc_single' [/home/cathyhu3/s965/pz2/lab2_spi_maxdisplay/lab2_spi_maxdisplay.gen/sources_1/bd/spi_max/ipshared/9438/hdl/proc_sys_reset_v5_0_vh_rfs.vhd:1015]
INFO: [Synth 8-256] done synthesizing module 'lpf' (0#1) [/home/cathyhu3/s965/pz2/lab2_spi_maxdisplay/lab2_spi_maxdisplay.gen/sources_1/bd/spi_max/ipshared/9438/hdl/proc_sys_reset_v5_0_vh_rfs.vhd:821]
INFO: [Synth 8-638] synthesizing module 'sequence_psr' [/home/cathyhu3/s965/pz2/lab2_spi_maxdisplay/lab2_spi_maxdisplay.gen/sources_1/bd/spi_max/ipshared/9438/hdl/proc_sys_reset_v5_0_vh_rfs.vhd:304]
INFO: [Synth 8-638] synthesizing module 'upcnt_n' [/home/cathyhu3/s965/pz2/lab2_spi_maxdisplay/lab2_spi_maxdisplay.gen/sources_1/bd/spi_max/ipshared/9438/hdl/proc_sys_reset_v5_0_vh_rfs.vhd:126]
INFO: [Synth 8-256] done synthesizing module 'upcnt_n' (0#1) [/home/cathyhu3/s965/pz2/lab2_spi_maxdisplay/lab2_spi_maxdisplay.gen/sources_1/bd/spi_max/ipshared/9438/hdl/proc_sys_reset_v5_0_vh_rfs.vhd:126]
INFO: [Synth 8-256] done synthesizing module 'sequence_psr' (0#1) [/home/cathyhu3/s965/pz2/lab2_spi_maxdisplay/lab2_spi_maxdisplay.gen/sources_1/bd/spi_max/ipshared/9438/hdl/proc_sys_reset_v5_0_vh_rfs.vhd:304]
INFO: [Synth 8-256] done synthesizing module 'proc_sys_reset' (0#1) [/home/cathyhu3/s965/pz2/lab2_spi_maxdisplay/lab2_spi_maxdisplay.gen/sources_1/bd/spi_max/ipshared/9438/hdl/proc_sys_reset_v5_0_vh_rfs.vhd:1302]
INFO: [Synth 8-256] done synthesizing module 'bd_e4dc_psr_aclk_0' (0#1) [/home/cathyhu3/s965/pz2/lab2_spi_maxdisplay/lab2_spi_maxdisplay.gen/sources_1/bd/spi_max/ip/spi_max_axi_smc_0/bd_0/ip/ip_1/synth/bd_e4dc_psr_aclk_0.vhd:74]
WARNING: [Synth 8-7071] port 'mb_reset' of module 'bd_e4dc_psr_aclk_0' is unconnected for instance 'psr_aclk' [/home/cathyhu3/s965/pz2/lab2_spi_maxdisplay/lab2_spi_maxdisplay.gen/sources_1/bd/spi_max/ip/spi_max_axi_smc_0/bd_0/synth/bd_e4dc.v:692]
WARNING: [Synth 8-7071] port 'bus_struct_reset' of module 'bd_e4dc_psr_aclk_0' is unconnected for instance 'psr_aclk' [/home/cathyhu3/s965/pz2/lab2_spi_maxdisplay/lab2_spi_maxdisplay.gen/sources_1/bd/spi_max/ip/spi_max_axi_smc_0/bd_0/synth/bd_e4dc.v:692]
WARNING: [Synth 8-7071] port 'peripheral_reset' of module 'bd_e4dc_psr_aclk_0' is unconnected for instance 'psr_aclk' [/home/cathyhu3/s965/pz2/lab2_spi_maxdisplay/lab2_spi_maxdisplay.gen/sources_1/bd/spi_max/ip/spi_max_axi_smc_0/bd_0/synth/bd_e4dc.v:692]
WARNING: [Synth 8-7071] port 'peripheral_aresetn' of module 'bd_e4dc_psr_aclk_0' is unconnected for instance 'psr_aclk' [/home/cathyhu3/s965/pz2/lab2_spi_maxdisplay/lab2_spi_maxdisplay.gen/sources_1/bd/spi_max/ip/spi_max_axi_smc_0/bd_0/synth/bd_e4dc.v:692]
WARNING: [Synth 8-7023] instance 'psr_aclk' of module 'bd_e4dc_psr_aclk_0' has 10 connections declared, but only 6 given [/home/cathyhu3/s965/pz2/lab2_spi_maxdisplay/lab2_spi_maxdisplay.gen/sources_1/bd/spi_max/ip/spi_max_axi_smc_0/bd_0/synth/bd_e4dc.v:692]
INFO: [Synth 8-6155] done synthesizing module 'clk_map_imp_1LZSEVA' (0#1) [/home/cathyhu3/s965/pz2/lab2_spi_maxdisplay/lab2_spi_maxdisplay.gen/sources_1/bd/spi_max/ip/spi_max_axi_smc_0/bd_0/synth/bd_e4dc.v:660]
INFO: [Synth 8-6157] synthesizing module 'm00_exit_pipeline_imp_BKA8PP' [/home/cathyhu3/s965/pz2/lab2_spi_maxdisplay/lab2_spi_maxdisplay.gen/sources_1/bd/spi_max/ip/spi_max_axi_smc_0/bd_0/synth/bd_e4dc.v:701]
INFO: [Synth 8-6157] synthesizing module 'bd_e4dc_m00e_0' [/home/cathyhu3/s965/pz2/lab2_spi_maxdisplay/lab2_spi_maxdisplay.gen/sources_1/bd/spi_max/ip/spi_max_axi_smc_0/bd_0/ip/ip_12/synth/bd_e4dc_m00e_0.sv:53]
INFO: [Synth 8-6157] synthesizing module 'xpm_cdc_async_rst' [/tools/Xilinx/2025.1/Vivado/data/ip/xpm/xpm_cdc/hdl/xpm_cdc.sv:1175]
INFO: [Synth 8-6155] done synthesizing module 'xpm_cdc_async_rst' (0#1) [/tools/Xilinx/2025.1/Vivado/data/ip/xpm/xpm_cdc/hdl/xpm_cdc.sv:1175]
INFO: [Synth 8-6155] done synthesizing module 'bd_e4dc_m00e_0' (0#1) [/home/cathyhu3/s965/pz2/lab2_spi_maxdisplay/lab2_spi_maxdisplay.gen/sources_1/bd/spi_max/ip/spi_max_axi_smc_0/bd_0/ip/ip_12/synth/bd_e4dc_m00e_0.sv:53]
INFO: [Synth 8-6155] done synthesizing module 'm00_exit_pipeline_imp_BKA8PP' (0#1) [/home/cathyhu3/s965/pz2/lab2_spi_maxdisplay/lab2_spi_maxdisplay.gen/sources_1/bd/spi_max/ip/spi_max_axi_smc_0/bd_0/synth/bd_e4dc.v:701]
INFO: [Synth 8-6157] synthesizing module 'bd_e4dc_m00s2a_0' [/home/cathyhu3/s965/pz2/lab2_spi_maxdisplay/lab2_spi_maxdisplay.gen/sources_1/bd/spi_max/ip/spi_max_axi_smc_0/bd_0/ip/ip_11/synth/bd_e4dc_m00s2a_0.sv:53]
INFO: [Synth 8-6155] done synthesizing module 'bd_e4dc_m00s2a_0' (0#1) [/home/cathyhu3/s965/pz2/lab2_spi_maxdisplay/lab2_spi_maxdisplay.gen/sources_1/bd/spi_max/ip/spi_max_axi_smc_0/bd_0/ip/ip_11/synth/bd_e4dc_m00s2a_0.sv:53]
INFO: [Synth 8-6157] synthesizing module 'bd_e4dc_s00a2s_0' [/home/cathyhu3/s965/pz2/lab2_spi_maxdisplay/lab2_spi_maxdisplay.gen/sources_1/bd/spi_max/ip/spi_max_axi_smc_0/bd_0/ip/ip_5/synth/bd_e4dc_s00a2s_0.sv:53]
INFO: [Synth 8-6155] done synthesizing module 'bd_e4dc_s00a2s_0' (0#1) [/home/cathyhu3/s965/pz2/lab2_spi_maxdisplay/lab2_spi_maxdisplay.gen/sources_1/bd/spi_max/ip/spi_max_axi_smc_0/bd_0/ip/ip_5/synth/bd_e4dc_s00a2s_0.sv:53]
INFO: [Synth 8-6157] synthesizing module 's00_entry_pipeline_imp_1BB9UOU' [/home/cathyhu3/s965/pz2/lab2_spi_maxdisplay/lab2_spi_maxdisplay.gen/sources_1/bd/spi_max/ip/spi_max_axi_smc_0/bd_0/synth/bd_e4dc.v:943]
INFO: [Synth 8-6157] synthesizing module 'bd_e4dc_s00mmu_0' [/home/cathyhu3/s965/pz2/lab2_spi_maxdisplay/lab2_spi_maxdisplay.gen/sources_1/bd/spi_max/ip/spi_max_axi_smc_0/bd_0/ip/ip_2/synth/bd_e4dc_s00mmu_0.sv:53]
INFO: [Synth 8-6155] done synthesizing module 'bd_e4dc_s00mmu_0' (0#1) [/home/cathyhu3/s965/pz2/lab2_spi_maxdisplay/lab2_spi_maxdisplay.gen/sources_1/bd/spi_max/ip/spi_max_axi_smc_0/bd_0/ip/ip_2/synth/bd_e4dc_s00mmu_0.sv:53]
INFO: [Synth 8-6157] synthesizing module 'bd_e4dc_s00sic_0' [/home/cathyhu3/s965/pz2/lab2_spi_maxdisplay/lab2_spi_maxdisplay.gen/sources_1/bd/spi_max/ip/spi_max_axi_smc_0/bd_0/ip/ip_4/synth/bd_e4dc_s00sic_0.sv:53]
INFO: [Synth 8-6155] done synthesizing module 'bd_e4dc_s00sic_0' (0#1) [/home/cathyhu3/s965/pz2/lab2_spi_maxdisplay/lab2_spi_maxdisplay.gen/sources_1/bd/spi_max/ip/spi_max_axi_smc_0/bd_0/ip/ip_4/synth/bd_e4dc_s00sic_0.sv:53]
INFO: [Synth 8-6157] synthesizing module 'bd_e4dc_s00tr_0' [/home/cathyhu3/s965/pz2/lab2_spi_maxdisplay/lab2_spi_maxdisplay.gen/sources_1/bd/spi_max/ip/spi_max_axi_smc_0/bd_0/ip/ip_3/synth/bd_e4dc_s00tr_0.sv:53]
INFO: [Synth 8-6155] done synthesizing module 'bd_e4dc_s00tr_0' (0#1) [/home/cathyhu3/s965/pz2/lab2_spi_maxdisplay/lab2_spi_maxdisplay.gen/sources_1/bd/spi_max/ip/spi_max_axi_smc_0/bd_0/ip/ip_3/synth/bd_e4dc_s00tr_0.sv:53]
INFO: [Synth 8-6155] done synthesizing module 's00_entry_pipeline_imp_1BB9UOU' (0#1) [/home/cathyhu3/s965/pz2/lab2_spi_maxdisplay/lab2_spi_maxdisplay.gen/sources_1/bd/spi_max/ip/spi_max_axi_smc_0/bd_0/synth/bd_e4dc.v:943]
INFO: [Synth 8-6157] synthesizing module 's00_nodes_imp_1H274AS' [/home/cathyhu3/s965/pz2/lab2_spi_maxdisplay/lab2_spi_maxdisplay.gen/sources_1/bd/spi_max/ip/spi_max_axi_smc_0/bd_0/synth/bd_e4dc.v:1519]
INFO: [Synth 8-6157] synthesizing module 'bd_e4dc_sarn_0' [/home/cathyhu3/s965/pz2/lab2_spi_maxdisplay/lab2_spi_maxdisplay.gen/sources_1/bd/spi_max/ip/spi_max_axi_smc_0/bd_0/ip/ip_6/synth/bd_e4dc_sarn_0.sv:53]
INFO: [Synth 8-6155] done synthesizing module 'bd_e4dc_sarn_0' (0#1) [/home/cathyhu3/s965/pz2/lab2_spi_maxdisplay/lab2_spi_maxdisplay.gen/sources_1/bd/spi_max/ip/spi_max_axi_smc_0/bd_0/ip/ip_6/synth/bd_e4dc_sarn_0.sv:53]
INFO: [Synth 8-6157] synthesizing module 'bd_e4dc_sawn_0' [/home/cathyhu3/s965/pz2/lab2_spi_maxdisplay/lab2_spi_maxdisplay.gen/sources_1/bd/spi_max/ip/spi_max_axi_smc_0/bd_0/ip/ip_8/synth/bd_e4dc_sawn_0.sv:53]
INFO: [Synth 8-6155] done synthesizing module 'bd_e4dc_sawn_0' (0#1) [/home/cathyhu3/s965/pz2/lab2_spi_maxdisplay/lab2_spi_maxdisplay.gen/sources_1/bd/spi_max/ip/spi_max_axi_smc_0/bd_0/ip/ip_8/synth/bd_e4dc_sawn_0.sv:53]
INFO: [Synth 8-6157] synthesizing module 'bd_e4dc_sbn_0' [/home/cathyhu3/s965/pz2/lab2_spi_maxdisplay/lab2_spi_maxdisplay.gen/sources_1/bd/spi_max/ip/spi_max_axi_smc_0/bd_0/ip/ip_10/synth/bd_e4dc_sbn_0.sv:53]
INFO: [Synth 8-6155] done synthesizing module 'bd_e4dc_sbn_0' (0#1) [/home/cathyhu3/s965/pz2/lab2_spi_maxdisplay/lab2_spi_maxdisplay.gen/sources_1/bd/spi_max/ip/spi_max_axi_smc_0/bd_0/ip/ip_10/synth/bd_e4dc_sbn_0.sv:53]
INFO: [Synth 8-6157] synthesizing module 'bd_e4dc_srn_0' [/home/cathyhu3/s965/pz2/lab2_spi_maxdisplay/lab2_spi_maxdisplay.gen/sources_1/bd/spi_max/ip/spi_max_axi_smc_0/bd_0/ip/ip_7/synth/bd_e4dc_srn_0.sv:53]
INFO: [Synth 8-6155] done synthesizing module 'bd_e4dc_srn_0' (0#1) [/home/cathyhu3/s965/pz2/lab2_spi_maxdisplay/lab2_spi_maxdisplay.gen/sources_1/bd/spi_max/ip/spi_max_axi_smc_0/bd_0/ip/ip_7/synth/bd_e4dc_srn_0.sv:53]
INFO: [Synth 8-6157] synthesizing module 'bd_e4dc_swn_0' [/home/cathyhu3/s965/pz2/lab2_spi_maxdisplay/lab2_spi_maxdisplay.gen/sources_1/bd/spi_max/ip/spi_max_axi_smc_0/bd_0/ip/ip_9/synth/bd_e4dc_swn_0.sv:53]
INFO: [Synth 8-6155] done synthesizing module 'bd_e4dc_swn_0' (0#1) [/home/cathyhu3/s965/pz2/lab2_spi_maxdisplay/lab2_spi_maxdisplay.gen/sources_1/bd/spi_max/ip/spi_max_axi_smc_0/bd_0/ip/ip_9/synth/bd_e4dc_swn_0.sv:53]
INFO: [Synth 8-6155] done synthesizing module 's00_nodes_imp_1H274AS' (0#1) [/home/cathyhu3/s965/pz2/lab2_spi_maxdisplay/lab2_spi_maxdisplay.gen/sources_1/bd/spi_max/ip/spi_max_axi_smc_0/bd_0/synth/bd_e4dc.v:1519]
INFO: [Synth 8-6155] done synthesizing module 'bd_e4dc' (0#1) [/home/cathyhu3/s965/pz2/lab2_spi_maxdisplay/lab2_spi_maxdisplay.gen/sources_1/bd/spi_max/ip/spi_max_axi_smc_0/bd_0/synth/bd_e4dc.v:10]
INFO: [Synth 8-6155] done synthesizing module 'spi_max_axi_smc_0' (0#1) [/home/cathyhu3/s965/pz2/lab2_spi_maxdisplay/lab2_spi_maxdisplay.gen/sources_1/bd/spi_max/ip/spi_max_axi_smc_0/synth/spi_max_axi_smc_0.v:53]
INFO: [Synth 8-6157] synthesizing module 'spi_max_disp_interface_0_0' [/home/cathyhu3/s965/pz2/lab2_spi_maxdisplay/lab2_spi_maxdisplay.gen/sources_1/bd/spi_max/ip/spi_max_disp_interface_0_0/synth/spi_max_disp_interface_0_0.v:53]
INFO: [Synth 8-6157] synthesizing module 'disp_interface' [/home/cathyhu3/s965/pz2/lab2_spi_maxdisplay/lab2_spi_maxdisplay.gen/sources_1/bd/spi_max/ipshared/1b68/hdl/disp_interface.v:4]
INFO: [Synth 8-6157] synthesizing module 'disp_interface_slave_lite_v1_0_S00_AXI' [/home/cathyhu3/s965/pz2/lab2_spi_maxdisplay/lab2_spi_maxdisplay.gen/sources_1/bd/spi_max/ipshared/1b68/hdl/disp_interface_slave_lite_v1_0_S00_AXI.v:4]
INFO: [Synth 8-155] case statement is not full and has no default [/home/cathyhu3/s965/pz2/lab2_spi_maxdisplay/lab2_spi_maxdisplay.gen/sources_1/bd/spi_max/ipshared/1b68/hdl/disp_interface_slave_lite_v1_0_S00_AXI.v:159]
INFO: [Synth 8-226] default block is never used [/home/cathyhu3/s965/pz2/lab2_spi_maxdisplay/lab2_spi_maxdisplay.gen/sources_1/bd/spi_max/ipshared/1b68/hdl/disp_interface_slave_lite_v1_0_S00_AXI.v:237]
INFO: [Synth 8-155] case statement is not full and has no default [/home/cathyhu3/s965/pz2/lab2_spi_maxdisplay/lab2_spi_maxdisplay.gen/sources_1/bd/spi_max/ipshared/1b68/hdl/disp_interface_slave_lite_v1_0_S00_AXI.v:322]
INFO: [Synth 8-6155] done synthesizing module 'disp_interface_slave_lite_v1_0_S00_AXI' (0#1) [/home/cathyhu3/s965/pz2/lab2_spi_maxdisplay/lab2_spi_maxdisplay.gen/sources_1/bd/spi_max/ipshared/1b68/hdl/disp_interface_slave_lite_v1_0_S00_AXI.v:4]
INFO: [Synth 8-6155] done synthesizing module 'disp_interface' (0#1) [/home/cathyhu3/s965/pz2/lab2_spi_maxdisplay/lab2_spi_maxdisplay.gen/sources_1/bd/spi_max/ipshared/1b68/hdl/disp_interface.v:4]
INFO: [Synth 8-6155] done synthesizing module 'spi_max_disp_interface_0_0' (0#1) [/home/cathyhu3/s965/pz2/lab2_spi_maxdisplay/lab2_spi_maxdisplay.gen/sources_1/bd/spi_max/ip/spi_max_disp_interface_0_0/synth/spi_max_disp_interface_0_0.v:53]
INFO: [Synth 8-6157] synthesizing module 'spi_max_processing_system7_0_0' [/home/cathyhu3/s965/pz2/lab2_spi_maxdisplay/lab2_spi_maxdisplay.gen/sources_1/bd/spi_max/ip/spi_max_processing_system7_0_0/synth/spi_max_processing_system7_0_0.v:53]
INFO: [Synth 8-6157] synthesizing module 'processing_system7_v5_5_processing_system7' [/home/cathyhu3/s965/pz2/lab2_spi_maxdisplay/lab2_spi_maxdisplay.gen/sources_1/bd/spi_max/ip/spi_max_processing_system7_0_0/hdl/verilog/processing_system7_v5_5_processing_system7.v:152]
INFO: [Synth 8-6157] synthesizing module 'BUFG' [/tools/Xilinx/2025.1/Vivado/scripts/rt/data/unisim_comp.v:2678]
INFO: [Synth 8-6155] done synthesizing module 'BUFG' (0#1) [/tools/Xilinx/2025.1/Vivado/scripts/rt/data/unisim_comp.v:2678]
INFO: [Synth 8-6157] synthesizing module 'BIBUF' [/tools/Xilinx/2025.1/Vivado/scripts/rt/data/unisim_comp.v:2325]
INFO: [Synth 8-6155] done synthesizing module 'BIBUF' (0#1) [/tools/Xilinx/2025.1/Vivado/scripts/rt/data/unisim_comp.v:2325]
INFO: [Synth 8-6157] synthesizing module 'PS7' [/tools/Xilinx/2025.1/Vivado/scripts/rt/data/unisim_comp.v:133572]
INFO: [Synth 8-6155] done synthesizing module 'PS7' (0#1) [/tools/Xilinx/2025.1/Vivado/scripts/rt/data/unisim_comp.v:133572]
INFO: [Synth 8-6155] done synthesizing module 'processing_system7_v5_5_processing_system7' (0#1) [/home/cathyhu3/s965/pz2/lab2_spi_maxdisplay/lab2_spi_maxdisplay.gen/sources_1/bd/spi_max/ip/spi_max_processing_system7_0_0/hdl/verilog/processing_system7_v5_5_processing_system7.v:152]
WARNING: [Synth 8-7071] port 'M_AXI_GP0_ARESETN' of module 'processing_system7_v5_5_processing_system7' is unconnected for instance 'inst' [/home/cathyhu3/s965/pz2/lab2_spi_maxdisplay/lab2_spi_maxdisplay.gen/sources_1/bd/spi_max/ip/spi_max_processing_system7_0_0/synth/spi_max_processing_system7_0_0.v:330]
WARNING: [Synth 8-7071] port 'M_AXI_GP1_ARESETN' of module 'processing_system7_v5_5_processing_system7' is unconnected for instance 'inst' [/home/cathyhu3/s965/pz2/lab2_spi_maxdisplay/lab2_spi_maxdisplay.gen/sources_1/bd/spi_max/ip/spi_max_processing_system7_0_0/synth/spi_max_processing_system7_0_0.v:330]
WARNING: [Synth 8-7071] port 'S_AXI_GP0_ARESETN' of module 'processing_system7_v5_5_processing_system7' is unconnected for instance 'inst' [/home/cathyhu3/s965/pz2/lab2_spi_maxdisplay/lab2_spi_maxdisplay.gen/sources_1/bd/spi_max/ip/spi_max_processing_system7_0_0/synth/spi_max_processing_system7_0_0.v:330]
WARNING: [Synth 8-7071] port 'S_AXI_GP1_ARESETN' of module 'processing_system7_v5_5_processing_system7' is unconnected for instance 'inst' [/home/cathyhu3/s965/pz2/lab2_spi_maxdisplay/lab2_spi_maxdisplay.gen/sources_1/bd/spi_max/ip/spi_max_processing_system7_0_0/synth/spi_max_processing_system7_0_0.v:330]
WARNING: [Synth 8-7071] port 'S_AXI_ACP_ARESETN' of module 'processing_system7_v5_5_processing_system7' is unconnected for instance 'inst' [/home/cathyhu3/s965/pz2/lab2_spi_maxdisplay/lab2_spi_maxdisplay.gen/sources_1/bd/spi_max/ip/spi_max_processing_system7_0_0/synth/spi_max_processing_system7_0_0.v:330]
WARNING: [Synth 8-7071] port 'S_AXI_HP0_ARESETN' of module 'processing_system7_v5_5_processing_system7' is unconnected for instance 'inst' [/home/cathyhu3/s965/pz2/lab2_spi_maxdisplay/lab2_spi_maxdisplay.gen/sources_1/bd/spi_max/ip/spi_max_processing_system7_0_0/synth/spi_max_processing_system7_0_0.v:330]
WARNING: [Synth 8-7071] port 'S_AXI_HP1_ARESETN' of module 'processing_system7_v5_5_processing_system7' is unconnected for instance 'inst' [/home/cathyhu3/s965/pz2/lab2_spi_maxdisplay/lab2_spi_maxdisplay.gen/sources_1/bd/spi_max/ip/spi_max_processing_system7_0_0/synth/spi_max_processing_system7_0_0.v:330]
WARNING: [Synth 8-7071] port 'S_AXI_HP2_ARESETN' of module 'processing_system7_v5_5_processing_system7' is unconnected for instance 'inst' [/home/cathyhu3/s965/pz2/lab2_spi_maxdisplay/lab2_spi_maxdisplay.gen/sources_1/bd/spi_max/ip/spi_max_processing_system7_0_0/synth/spi_max_processing_system7_0_0.v:330]
WARNING: [Synth 8-7071] port 'S_AXI_HP3_ARESETN' of module 'processing_system7_v5_5_processing_system7' is unconnected for instance 'inst' [/home/cathyhu3/s965/pz2/lab2_spi_maxdisplay/lab2_spi_maxdisplay.gen/sources_1/bd/spi_max/ip/spi_max_processing_system7_0_0/synth/spi_max_processing_system7_0_0.v:330]
WARNING: [Synth 8-7071] port 'DMA0_RSTN' of module 'processing_system7_v5_5_processing_system7' is unconnected for instance 'inst' [/home/cathyhu3/s965/pz2/lab2_spi_maxdisplay/lab2_spi_maxdisplay.gen/sources_1/bd/spi_max/ip/spi_max_processing_system7_0_0/synth/spi_max_processing_system7_0_0.v:330]
WARNING: [Synth 8-7071] port 'DMA1_RSTN' of module 'processing_system7_v5_5_processing_system7' is unconnected for instance 'inst' [/home/cathyhu3/s965/pz2/lab2_spi_maxdisplay/lab2_spi_maxdisplay.gen/sources_1/bd/spi_max/ip/spi_max_processing_system7_0_0/synth/spi_max_processing_system7_0_0.v:330]
WARNING: [Synth 8-7071] port 'DMA2_RSTN' of module 'processing_system7_v5_5_processing_system7' is unconnected for instance 'inst' [/home/cathyhu3/s965/pz2/lab2_spi_maxdisplay/lab2_spi_maxdisplay.gen/sources_1/bd/spi_max/ip/spi_max_processing_system7_0_0/synth/spi_max_processing_system7_0_0.v:330]
WARNING: [Synth 8-7071] port 'DMA3_RSTN' of module 'processing_system7_v5_5_processing_system7' is unconnected for instance 'inst' [/home/cathyhu3/s965/pz2/lab2_spi_maxdisplay/lab2_spi_maxdisplay.gen/sources_1/bd/spi_max/ip/spi_max_processing_system7_0_0/synth/spi_max_processing_system7_0_0.v:330]
WARNING: [Synth 8-7023] instance 'inst' of module 'processing_system7_v5_5_processing_system7' has 685 connections declared, but only 672 given [/home/cathyhu3/s965/pz2/lab2_spi_maxdisplay/lab2_spi_maxdisplay.gen/sources_1/bd/spi_max/ip/spi_max_processing_system7_0_0/synth/spi_max_processing_system7_0_0.v:330]
INFO: [Synth 8-6155] done synthesizing module 'spi_max_processing_system7_0_0' (0#1) [/home/cathyhu3/s965/pz2/lab2_spi_maxdisplay/lab2_spi_maxdisplay.gen/sources_1/bd/spi_max/ip/spi_max_processing_system7_0_0/synth/spi_max_processing_system7_0_0.v:53]
WARNING: [Synth 8-7071] port 'USB0_PORT_INDCTL' of module 'spi_max_processing_system7_0_0' is unconnected for instance 'processing_system7_0' [/home/cathyhu3/s965/pz2/lab2_spi_maxdisplay/lab2_spi_maxdisplay.gen/sources_1/bd/spi_max/synth/spi_max.v:243]
WARNING: [Synth 8-7071] port 'USB0_VBUS_PWRSELECT' of module 'spi_max_processing_system7_0_0' is unconnected for instance 'processing_system7_0' [/home/cathyhu3/s965/pz2/lab2_spi_maxdisplay/lab2_spi_maxdisplay.gen/sources_1/bd/spi_max/synth/spi_max.v:243]
WARNING: [Synth 8-7023] instance 'processing_system7_0' of module 'spi_max_processing_system7_0_0' has 65 connections declared, but only 63 given [/home/cathyhu3/s965/pz2/lab2_spi_maxdisplay/lab2_spi_maxdisplay.gen/sources_1/bd/spi_max/synth/spi_max.v:243]
INFO: [Synth 8-638] synthesizing module 'spi_max_rst_ps7_0_100M_0' [/home/cathyhu3/s965/pz2/lab2_spi_maxdisplay/lab2_spi_maxdisplay.gen/sources_1/bd/spi_max/ip/spi_max_rst_ps7_0_100M_0/synth/spi_max_rst_ps7_0_100M_0.vhd:74]
	Parameter C_FAMILY bound to: zynq - type: string 
	Parameter C_EXT_RST_WIDTH bound to: 4 - type: integer 
	Parameter C_AUX_RST_WIDTH bound to: 4 - type: integer 
	Parameter C_EXT_RESET_HIGH bound to: 1'b0 
	Parameter C_AUX_RESET_HIGH bound to: 1'b0 
	Parameter C_NUM_BUS_RST bound to: 1 - type: integer 
	Parameter C_NUM_PERP_RST bound to: 1 - type: integer 
	Parameter C_NUM_INTERCONNECT_ARESETN bound to: 1 - type: integer 
	Parameter C_NUM_PERP_ARESETN bound to: 1 - type: integer 
INFO: [Synth 8-3491] module 'proc_sys_reset' declared at '/home/cathyhu3/s965/pz2/lab2_spi_maxdisplay/lab2_spi_maxdisplay.gen/sources_1/bd/spi_max/ipshared/9438/hdl/proc_sys_reset_v5_0_vh_rfs.vhd:1243' bound to instance 'U0' of component 'proc_sys_reset' [/home/cathyhu3/s965/pz2/lab2_spi_maxdisplay/lab2_spi_maxdisplay.gen/sources_1/bd/spi_max/ip/spi_max_rst_ps7_0_100M_0/synth/spi_max_rst_ps7_0_100M_0.vhd:139]
INFO: [Synth 8-638] synthesizing module 'proc_sys_reset__parameterized1' [/home/cathyhu3/s965/pz2/lab2_spi_maxdisplay/lab2_spi_maxdisplay.gen/sources_1/bd/spi_max/ipshared/9438/hdl/proc_sys_reset_v5_0_vh_rfs.vhd:1302]
	Parameter INIT bound to: 1'b1 
INFO: [Synth 8-113] binding component instance 'FDRE_inst' to cell 'FDRE' [/home/cathyhu3/s965/pz2/lab2_spi_maxdisplay/lab2_spi_maxdisplay.gen/sources_1/bd/spi_max/ipshared/9438/hdl/proc_sys_reset_v5_0_vh_rfs.vhd:1371]
	Parameter INIT bound to: 1'b1 
INFO: [Synth 8-113] binding component instance 'FDRE_BSR' to cell 'FDRE' [/home/cathyhu3/s965/pz2/lab2_spi_maxdisplay/lab2_spi_maxdisplay.gen/sources_1/bd/spi_max/ipshared/9438/hdl/proc_sys_reset_v5_0_vh_rfs.vhd:1387]
	Parameter INIT bound to: 1'b0 
INFO: [Synth 8-113] binding component instance 'FDRE_BSR_N' to cell 'FDRE' [/home/cathyhu3/s965/pz2/lab2_spi_maxdisplay/lab2_spi_maxdisplay.gen/sources_1/bd/spi_max/ipshared/9438/hdl/proc_sys_reset_v5_0_vh_rfs.vhd:1413]
	Parameter INIT bound to: 1'b1 
INFO: [Synth 8-113] binding component instance 'FDRE_PER' to cell 'FDRE' [/home/cathyhu3/s965/pz2/lab2_spi_maxdisplay/lab2_spi_maxdisplay.gen/sources_1/bd/spi_max/ipshared/9438/hdl/proc_sys_reset_v5_0_vh_rfs.vhd:1436]
	Parameter INIT bound to: 1'b0 
INFO: [Synth 8-113] binding component instance 'FDRE_PER_N' to cell 'FDRE' [/home/cathyhu3/s965/pz2/lab2_spi_maxdisplay/lab2_spi_maxdisplay.gen/sources_1/bd/spi_max/ipshared/9438/hdl/proc_sys_reset_v5_0_vh_rfs.vhd:1460]
INFO: [Synth 8-638] synthesizing module 'lpf__parameterized0' [/home/cathyhu3/s965/pz2/lab2_spi_maxdisplay/lab2_spi_maxdisplay.gen/sources_1/bd/spi_max/ipshared/9438/hdl/proc_sys_reset_v5_0_vh_rfs.vhd:821]
INFO: [Synth 8-3491] module 'SRL16' declared at '/tools/Xilinx/2025.1/Vivado/scripts/rt/data/unisim_comp.v:158596' bound to instance 'POR_SRL_I' of component 'SRL16' [/home/cathyhu3/s965/pz2/lab2_spi_maxdisplay/lab2_spi_maxdisplay.gen/sources_1/bd/spi_max/ipshared/9438/hdl/proc_sys_reset_v5_0_vh_rfs.vhd:873]
	Parameter DEST_SYNC_FF bound to: 4 - type: integer 
	Parameter INIT_SYNC_FF bound to: 0 - type: integer 
	Parameter SIM_ASSERT_CHK bound to: 0 - type: integer 
	Parameter SRC_INPUT_REG bound to: 0 - type: integer 
INFO: [Synth 8-3491] module 'xpm_cdc_single' declared at '/tools/Xilinx/2025.1/Vivado/data/ip/xpm/xpm_cdc/hdl/xpm_cdc.sv:152' bound to instance 'ACT_LO_EXT' of component 'xpm_cdc_single' [/home/cathyhu3/s965/pz2/lab2_spi_maxdisplay/lab2_spi_maxdisplay.gen/sources_1/bd/spi_max/ipshared/9438/hdl/proc_sys_reset_v5_0_vh_rfs.vhd:968]
	Parameter DEST_SYNC_FF bound to: 4 - type: integer 
	Parameter INIT_SYNC_FF bound to: 0 - type: integer 
	Parameter SIM_ASSERT_CHK bound to: 0 - type: integer 
	Parameter SRC_INPUT_REG bound to: 0 - type: integer 
INFO: [Synth 8-3491] module 'xpm_cdc_single' declared at '/tools/Xilinx/2025.1/Vivado/data/ip/xpm/xpm_cdc/hdl/xpm_cdc.sv:152' bound to instance 'ACT_LO_AUX' of component 'xpm_cdc_single' [/home/cathyhu3/s965/pz2/lab2_spi_maxdisplay/lab2_spi_maxdisplay.gen/sources_1/bd/spi_max/ipshared/9438/hdl/proc_sys_reset_v5_0_vh_rfs.vhd:1015]
INFO: [Synth 8-256] done synthesizing module 'lpf__parameterized0' (0#1) [/home/cathyhu3/s965/pz2/lab2_spi_maxdisplay/lab2_spi_maxdisplay.gen/sources_1/bd/spi_max/ipshared/9438/hdl/proc_sys_reset_v5_0_vh_rfs.vhd:821]
INFO: [Synth 8-256] done synthesizing module 'proc_sys_reset__parameterized1' (0#1) [/home/cathyhu3/s965/pz2/lab2_spi_maxdisplay/lab2_spi_maxdisplay.gen/sources_1/bd/spi_max/ipshared/9438/hdl/proc_sys_reset_v5_0_vh_rfs.vhd:1302]
INFO: [Synth 8-256] done synthesizing module 'spi_max_rst_ps7_0_100M_0' (0#1) [/home/cathyhu3/s965/pz2/lab2_spi_maxdisplay/lab2_spi_maxdisplay.gen/sources_1/bd/spi_max/ip/spi_max_rst_ps7_0_100M_0/synth/spi_max_rst_ps7_0_100M_0.vhd:74]
WARNING: [Synth 8-7071] port 'mb_reset' of module 'spi_max_rst_ps7_0_100M_0' is unconnected for instance 'rst_ps7_0_100M' [/home/cathyhu3/s965/pz2/lab2_spi_maxdisplay/lab2_spi_maxdisplay.gen/sources_1/bd/spi_max/synth/spi_max.v:307]
WARNING: [Synth 8-7071] port 'bus_struct_reset' of module 'spi_max_rst_ps7_0_100M_0' is unconnected for instance 'rst_ps7_0_100M' [/home/cathyhu3/s965/pz2/lab2_spi_maxdisplay/lab2_spi_maxdisplay.gen/sources_1/bd/spi_max/synth/spi_max.v:307]
WARNING: [Synth 8-7071] port 'peripheral_reset' of module 'spi_max_rst_ps7_0_100M_0' is unconnected for instance 'rst_ps7_0_100M' [/home/cathyhu3/s965/pz2/lab2_spi_maxdisplay/lab2_spi_maxdisplay.gen/sources_1/bd/spi_max/synth/spi_max.v:307]
WARNING: [Synth 8-7071] port 'interconnect_aresetn' of module 'spi_max_rst_ps7_0_100M_0' is unconnected for instance 'rst_ps7_0_100M' [/home/cathyhu3/s965/pz2/lab2_spi_maxdisplay/lab2_spi_maxdisplay.gen/sources_1/bd/spi_max/synth/spi_max.v:307]
WARNING: [Synth 8-7023] instance 'rst_ps7_0_100M' of module 'spi_max_rst_ps7_0_100M_0' has 10 connections declared, but only 6 given [/home/cathyhu3/s965/pz2/lab2_spi_maxdisplay/lab2_spi_maxdisplay.gen/sources_1/bd/spi_max/synth/spi_max.v:307]
INFO: [Synth 8-6157] synthesizing module 'spi_max_spi_tx_w_0_0' [/home/cathyhu3/s965/pz2/lab2_spi_maxdisplay/lab2_spi_maxdisplay.gen/sources_1/bd/spi_max/ip/spi_max_spi_tx_w_0_0/synth/spi_max_spi_tx_w_0_0.v:53]
INFO: [Synth 8-6157] synthesizing module 'spi_tx_w' [/home/cathyhu3/s965/pz2/lab2_spi_maxdisplay/lab2_spi_maxdisplay.srcs/sources_1/new/spi_tx_w.v:22]
INFO: [Synth 8-6157] synthesizing module 'spi_tx' [/home/cathyhu3/s965/pz2/lab2/hdl/spi_tx.sv:3]
	Parameter DATA_WIDTH bound to: 64 - type: integer 
	Parameter DATA_CLK_PERIOD bound to: 20 - type: integer 
INFO: [Synth 8-6157] synthesizing module 'clock_generator' [/home/cathyhu3/s965/pz2/lab2/hdl/clock_generator.sv:3]
INFO: [Synth 8-6155] done synthesizing module 'clock_generator' (0#1) [/home/cathyhu3/s965/pz2/lab2/hdl/clock_generator.sv:3]
INFO: [Synth 8-155] case statement is not full and has no default [/home/cathyhu3/s965/pz2/lab2/hdl/spi_tx.sv:53]
INFO: [Synth 8-6155] done synthesizing module 'spi_tx' (0#1) [/home/cathyhu3/s965/pz2/lab2/hdl/spi_tx.sv:3]
WARNING: [Synth 8-7071] port 'busy' of module 'spi_tx' is unconnected for instance 'mspi' [/home/cathyhu3/s965/pz2/lab2_spi_maxdisplay/lab2_spi_maxdisplay.srcs/sources_1/new/spi_tx_w.v:32]
WARNING: [Synth 8-7023] instance 'mspi' of module 'spi_tx' has 8 connections declared, but only 7 given [/home/cathyhu3/s965/pz2/lab2_spi_maxdisplay/lab2_spi_maxdisplay.srcs/sources_1/new/spi_tx_w.v:32]
INFO: [Synth 8-6155] done synthesizing module 'spi_tx_w' (0#1) [/home/cathyhu3/s965/pz2/lab2_spi_maxdisplay/lab2_spi_maxdisplay.srcs/sources_1/new/spi_tx_w.v:22]
INFO: [Synth 8-6155] done synthesizing module 'spi_max_spi_tx_w_0_0' (0#1) [/home/cathyhu3/s965/pz2/lab2_spi_maxdisplay/lab2_spi_maxdisplay.gen/sources_1/bd/spi_max/ip/spi_max_spi_tx_w_0_0/synth/spi_max_spi_tx_w_0_0.v:53]
INFO: [Synth 8-6155] done synthesizing module 'spi_max' (0#1) [/home/cathyhu3/s965/pz2/lab2_spi_maxdisplay/lab2_spi_maxdisplay.gen/sources_1/bd/spi_max/synth/spi_max.v:13]
INFO: [Synth 8-6155] done synthesizing module 'spi_max_wrapper' (0#1) [/home/cathyhu3/s965/pz2/lab2_spi_maxdisplay/lab2_spi_maxdisplay.gen/sources_1/bd/spi_max/hdl/spi_max_wrapper.v:13]
WARNING: [Synth 8-3848] Net aresetn_out in module/entity clk_map_imp_1LZSEVA does not have driver. [/home/cathyhu3/s965/pz2/lab2_spi_maxdisplay/lab2_spi_maxdisplay.gen/sources_1/bd/spi_max/ip/spi_max_axi_smc_0/bd_0/synth/bd_e4dc.v:676]
WARNING: [Synth 8-6014] Unused sequential element slv_reg0_reg was removed.  [/home/cathyhu3/s965/pz2/lab2_spi_maxdisplay/lab2_spi_maxdisplay.gen/sources_1/bd/spi_max/ipshared/1b68/hdl/disp_interface_slave_lite_v1_0_S00_AXI.v:225]
WARNING: [Synth 8-6014] Unused sequential element slv_reg1_reg was removed.  [/home/cathyhu3/s965/pz2/lab2_spi_maxdisplay/lab2_spi_maxdisplay.gen/sources_1/bd/spi_max/ipshared/1b68/hdl/disp_interface_slave_lite_v1_0_S00_AXI.v:226]
WARNING: [Synth 8-6014] Unused sequential element done_reg was removed.  [/home/cathyhu3/s965/pz2/lab2/hdl/spi_tx.sv:58]
WARNING: [Synth 8-87] always_comb on 'state_reg' did not result in combinational logic [/home/cathyhu3/s965/pz2/lab2/hdl/spi_tx.sv:37]
WARNING: [Synth 8-87] always_comb on 'data_store_reg' did not result in combinational logic [/home/cathyhu3/s965/pz2/lab2/hdl/spi_tx.sv:40]
WARNING: [Synth 8-7129] Port src_clk in module xpm_cdc_single is either unconnected or has no load
WARNING: [Synth 8-7129] Port ENET0_GMII_COL in module processing_system7_v5_5_processing_system7 is either unconnected or has no load
WARNING: [Synth 8-7129] Port ENET0_GMII_CRS in module processing_system7_v5_5_processing_system7 is either unconnected or has no load
WARNING: [Synth 8-7129] Port ENET0_GMII_RX_DV in module processing_system7_v5_5_processing_system7 is either unconnected or has no load
WARNING: [Synth 8-7129] Port ENET0_GMII_RX_ER in module processing_system7_v5_5_processing_system7 is either unconnected or has no load
WARNING: [Synth 8-7129] Port ENET0_GMII_RXD[7] in module processing_system7_v5_5_processing_system7 is either unconnected or has no load
WARNING: [Synth 8-7129] Port ENET0_GMII_RXD[6] in module processing_system7_v5_5_processing_system7 is either unconnected or has no load
WARNING: [Synth 8-7129] Port ENET0_GMII_RXD[5] in module processing_system7_v5_5_processing_system7 is either unconnected or has no load
WARNING: [Synth 8-7129] Port ENET0_GMII_RXD[4] in module processing_system7_v5_5_processing_system7 is either unconnected or has no load
WARNING: [Synth 8-7129] Port ENET0_GMII_RXD[3] in module processing_system7_v5_5_processing_system7 is either unconnected or has no load
WARNING: [Synth 8-7129] Port ENET0_GMII_RXD[2] in module processing_system7_v5_5_processing_system7 is either unconnected or has no load
WARNING: [Synth 8-7129] Port ENET0_GMII_RXD[1] in module processing_system7_v5_5_processing_system7 is either unconnected or has no load
WARNING: [Synth 8-7129] Port ENET0_GMII_RXD[0] in module processing_system7_v5_5_processing_system7 is either unconnected or has no load
WARNING: [Synth 8-7129] Port ENET1_GMII_COL in module processing_system7_v5_5_processing_system7 is either unconnected or has no load
WARNING: [Synth 8-7129] Port ENET1_GMII_CRS in module processing_system7_v5_5_processing_system7 is either unconnected or has no load
WARNING: [Synth 8-7129] Port ENET1_GMII_RX_DV in module processing_system7_v5_5_processing_system7 is either unconnected or has no load
WARNING: [Synth 8-7129] Port ENET1_GMII_RX_ER in module processing_system7_v5_5_processing_system7 is either unconnected or has no load
WARNING: [Synth 8-7129] Port ENET1_GMII_RXD[7] in module processing_system7_v5_5_processing_system7 is either unconnected or has no load
WARNING: [Synth 8-7129] Port ENET1_GMII_RXD[6] in module processing_system7_v5_5_processing_system7 is either unconnected or has no load
WARNING: [Synth 8-7129] Port ENET1_GMII_RXD[5] in module processing_system7_v5_5_processing_system7 is either unconnected or has no load
WARNING: [Synth 8-7129] Port ENET1_GMII_RXD[4] in module processing_system7_v5_5_processing_system7 is either unconnected or has no load
WARNING: [Synth 8-7129] Port ENET1_GMII_RXD[3] in module processing_system7_v5_5_processing_system7 is either unconnected or has no load
WARNING: [Synth 8-7129] Port ENET1_GMII_RXD[2] in module processing_system7_v5_5_processing_system7 is either unconnected or has no load
WARNING: [Synth 8-7129] Port ENET1_GMII_RXD[1] in module processing_system7_v5_5_processing_system7 is either unconnected or has no load
WARNING: [Synth 8-7129] Port ENET1_GMII_RXD[0] in module processing_system7_v5_5_processing_system7 is either unconnected or has no load
WARNING: [Synth 8-7129] Port S_AXI_GP0_ARSIZE[2] in module processing_system7_v5_5_processing_system7 is either unconnected or has no load
WARNING: [Synth 8-7129] Port S_AXI_GP0_AWSIZE[2] in module processing_system7_v5_5_processing_system7 is either unconnected or has no load
WARNING: [Synth 8-7129] Port S_AXI_GP1_ARSIZE[2] in module processing_system7_v5_5_processing_system7 is either unconnected or has no load
WARNING: [Synth 8-7129] Port S_AXI_GP1_AWSIZE[2] in module processing_system7_v5_5_processing_system7 is either unconnected or has no load
WARNING: [Synth 8-7129] Port S_AXI_ACP_ARSIZE[2] in module processing_system7_v5_5_processing_system7 is either unconnected or has no load
WARNING: [Synth 8-7129] Port S_AXI_ACP_AWSIZE[2] in module processing_system7_v5_5_processing_system7 is either unconnected or has no load
WARNING: [Synth 8-7129] Port S_AXI_HP0_ARSIZE[2] in module processing_system7_v5_5_processing_system7 is either unconnected or has no load
WARNING: [Synth 8-7129] Port S_AXI_HP0_AWSIZE[2] in module processing_system7_v5_5_processing_system7 is either unconnected or has no load
WARNING: [Synth 8-7129] Port S_AXI_HP1_ARSIZE[2] in module processing_system7_v5_5_processing_system7 is either unconnected or has no load
WARNING: [Synth 8-7129] Port S_AXI_HP1_AWSIZE[2] in module processing_system7_v5_5_processing_system7 is either unconnected or has no load
WARNING: [Synth 8-7129] Port S_AXI_HP2_ARSIZE[2] in module processing_system7_v5_5_processing_system7 is either unconnected or has no load
WARNING: [Synth 8-7129] Port S_AXI_HP2_AWSIZE[2] in module processing_system7_v5_5_processing_system7 is either unconnected or has no load
WARNING: [Synth 8-7129] Port S_AXI_HP3_ARSIZE[2] in module processing_system7_v5_5_processing_system7 is either unconnected or has no load
WARNING: [Synth 8-7129] Port S_AXI_HP3_AWSIZE[2] in module processing_system7_v5_5_processing_system7 is either unconnected or has no load
WARNING: [Synth 8-7129] Port FCLK_CLKTRIG3_N in module processing_system7_v5_5_processing_system7 is either unconnected or has no load
WARNING: [Synth 8-7129] Port FCLK_CLKTRIG2_N in module processing_system7_v5_5_processing_system7 is either unconnected or has no load
WARNING: [Synth 8-7129] Port FCLK_CLKTRIG1_N in module processing_system7_v5_5_processing_system7 is either unconnected or has no load
WARNING: [Synth 8-7129] Port FCLK_CLKTRIG0_N in module processing_system7_v5_5_processing_system7 is either unconnected or has no load
WARNING: [Synth 8-7129] Port FTMD_TRACEIN_DATA[31] in module processing_system7_v5_5_processing_system7 is either unconnected or has no load
WARNING: [Synth 8-7129] Port FTMD_TRACEIN_DATA[30] in module processing_system7_v5_5_processing_system7 is either unconnected or has no load
WARNING: [Synth 8-7129] Port FTMD_TRACEIN_DATA[29] in module processing_system7_v5_5_processing_system7 is either unconnected or has no load
WARNING: [Synth 8-7129] Port FTMD_TRACEIN_DATA[28] in module processing_system7_v5_5_processing_system7 is either unconnected or has no load
WARNING: [Synth 8-7129] Port FTMD_TRACEIN_DATA[27] in module processing_system7_v5_5_processing_system7 is either unconnected or has no load
WARNING: [Synth 8-7129] Port FTMD_TRACEIN_DATA[26] in module processing_system7_v5_5_processing_system7 is either unconnected or has no load
WARNING: [Synth 8-7129] Port FTMD_TRACEIN_DATA[25] in module processing_system7_v5_5_processing_system7 is either unconnected or has no load
WARNING: [Synth 8-7129] Port FTMD_TRACEIN_DATA[24] in module processing_system7_v5_5_processing_system7 is either unconnected or has no load
WARNING: [Synth 8-7129] Port FTMD_TRACEIN_DATA[23] in module processing_system7_v5_5_processing_system7 is either unconnected or has no load
WARNING: [Synth 8-7129] Port FTMD_TRACEIN_DATA[22] in module processing_system7_v5_5_processing_system7 is either unconnected or has no load
WARNING: [Synth 8-7129] Port FTMD_TRACEIN_DATA[21] in module processing_system7_v5_5_processing_system7 is either unconnected or has no load
WARNING: [Synth 8-7129] Port FTMD_TRACEIN_DATA[20] in module processing_system7_v5_5_processing_system7 is either unconnected or has no load
WARNING: [Synth 8-7129] Port FTMD_TRACEIN_DATA[19] in module processing_system7_v5_5_processing_system7 is either unconnected or has no load
WARNING: [Synth 8-7129] Port FTMD_TRACEIN_DATA[18] in module processing_system7_v5_5_processing_system7 is either unconnected or has no load
WARNING: [Synth 8-7129] Port FTMD_TRACEIN_DATA[17] in module processing_system7_v5_5_processing_system7 is either unconnected or has no load
WARNING: [Synth 8-7129] Port FTMD_TRACEIN_DATA[16] in module processing_system7_v5_5_processing_system7 is either unconnected or has no load
WARNING: [Synth 8-7129] Port FTMD_TRACEIN_DATA[15] in module processing_system7_v5_5_processing_system7 is either unconnected or has no load
WARNING: [Synth 8-7129] Port FTMD_TRACEIN_DATA[14] in module processing_system7_v5_5_processing_system7 is either unconnected or has no load
WARNING: [Synth 8-7129] Port FTMD_TRACEIN_DATA[13] in module processing_system7_v5_5_processing_system7 is either unconnected or has no load
WARNING: [Synth 8-7129] Port FTMD_TRACEIN_DATA[12] in module processing_system7_v5_5_processing_system7 is either unconnected or has no load
WARNING: [Synth 8-7129] Port FTMD_TRACEIN_DATA[11] in module processing_system7_v5_5_processing_system7 is either unconnected or has no load
WARNING: [Synth 8-7129] Port FTMD_TRACEIN_DATA[10] in module processing_system7_v5_5_processing_system7 is either unconnected or has no load
WARNING: [Synth 8-7129] Port FTMD_TRACEIN_DATA[9] in module processing_system7_v5_5_processing_system7 is either unconnected or has no load
WARNING: [Synth 8-7129] Port FTMD_TRACEIN_DATA[8] in module processing_system7_v5_5_processing_system7 is either unconnected or has no load
WARNING: [Synth 8-7129] Port FTMD_TRACEIN_DATA[7] in module processing_system7_v5_5_processing_system7 is either unconnected or has no load
WARNING: [Synth 8-7129] Port FTMD_TRACEIN_DATA[6] in module processing_system7_v5_5_processing_system7 is either unconnected or has no load
WARNING: [Synth 8-7129] Port FTMD_TRACEIN_DATA[5] in module processing_system7_v5_5_processing_system7 is either unconnected or has no load
WARNING: [Synth 8-7129] Port FTMD_TRACEIN_DATA[4] in module processing_system7_v5_5_processing_system7 is either unconnected or has no load
WARNING: [Synth 8-7129] Port FTMD_TRACEIN_DATA[3] in module processing_system7_v5_5_processing_system7 is either unconnected or has no load
WARNING: [Synth 8-7129] Port FTMD_TRACEIN_DATA[2] in module processing_system7_v5_5_processing_system7 is either unconnected or has no load
WARNING: [Synth 8-7129] Port FTMD_TRACEIN_DATA[1] in module processing_system7_v5_5_processing_system7 is either unconnected or has no load
WARNING: [Synth 8-7129] Port FTMD_TRACEIN_DATA[0] in module processing_system7_v5_5_processing_system7 is either unconnected or has no load
WARNING: [Synth 8-7129] Port FTMD_TRACEIN_VALID in module processing_system7_v5_5_processing_system7 is either unconnected or has no load
WARNING: [Synth 8-7129] Port FTMD_TRACEIN_ATID[3] in module processing_system7_v5_5_processing_system7 is either unconnected or has no load
WARNING: [Synth 8-7129] Port FTMD_TRACEIN_ATID[2] in module processing_system7_v5_5_processing_system7 is either unconnected or has no load
WARNING: [Synth 8-7129] Port FTMD_TRACEIN_ATID[1] in module processing_system7_v5_5_processing_system7 is either unconnected or has no load
WARNING: [Synth 8-7129] Port FTMD_TRACEIN_ATID[0] in module processing_system7_v5_5_processing_system7 is either unconnected or has no load
WARNING: [Synth 8-7129] Port S_AXI_AWPROT[2] in module disp_interface_slave_lite_v1_0_S00_AXI is either unconnected or has no load
WARNING: [Synth 8-7129] Port S_AXI_AWPROT[1] in module disp_interface_slave_lite_v1_0_S00_AXI is either unconnected or has no load
WARNING: [Synth 8-7129] Port S_AXI_AWPROT[0] in module disp_interface_slave_lite_v1_0_S00_AXI is either unconnected or has no load
WARNING: [Synth 8-7129] Port S_AXI_ARPROT[2] in module disp_interface_slave_lite_v1_0_S00_AXI is either unconnected or has no load
WARNING: [Synth 8-7129] Port S_AXI_ARPROT[1] in module disp_interface_slave_lite_v1_0_S00_AXI is either unconnected or has no load
WARNING: [Synth 8-7129] Port S_AXI_ARPROT[0] in module disp_interface_slave_lite_v1_0_S00_AXI is either unconnected or has no load
WARNING: [Synth 8-7129] Port din[0] in module sc_util_v1_0_4_onehot_to_binary is either unconnected or has no load
WARNING: [Synth 8-7129] Port aclk in module sc_util_v1_0_4_pipeline__parameterized0 is either unconnected or has no load
WARNING: [Synth 8-7129] Port aclken in module sc_util_v1_0_4_pipeline__parameterized0 is either unconnected or has no load
WARNING: [Synth 8-7129] Port areset in module sc_util_v1_0_4_pipeline__parameterized0 is either unconnected or has no load
WARNING: [Synth 8-7129] Port slow_clk in module sc_util_v1_0_4_sample_cycle_ratio is either unconnected or has no load
WARNING: [Synth 8-7129] Port fast_clk in module sc_util_v1_0_4_sample_cycle_ratio is either unconnected or has no load
WARNING: [Synth 8-7129] Port aclk in module sc_util_v1_0_4_pipeline__parameterized9 is either unconnected or has no load
WARNING: [Synth 8-7129] Port aclken in module sc_util_v1_0_4_pipeline__parameterized9 is either unconnected or has no load
WARNING: [Synth 8-7129] Port areset in module sc_util_v1_0_4_pipeline__parameterized9 is either unconnected or has no load
WARNING: [Synth 8-7129] Port aclk in module sc_node_v1_0_18_reg_slice3 is either unconnected or has no load
WARNING: [Synth 8-7129] Port aclken in module sc_node_v1_0_18_reg_slice3 is either unconnected or has no load
WARNING: [Synth 8-7129] Port areset in module sc_node_v1_0_18_reg_slice3 is either unconnected or has no load
WARNING: [Synth 8-7129] Port aclk in module sc_util_v1_0_4_pipeline__parameterized8 is either unconnected or has no load
WARNING: [Synth 8-7129] Port aclken in module sc_util_v1_0_4_pipeline__parameterized8 is either unconnected or has no load
INFO: [Common 17-14] Message 'Synth 8-7129' appears 100 times and further instances of the messages will be disabled. Use the Tcl command set_msg_config to change the current settings.
---------------------------------------------------------------------------------
Finished RTL Elaboration : Time (s): cpu = 00:00:06 ; elapsed = 00:00:06 . Memory (MB): peak = 2357.656 ; gain = 605.766 ; free physical = 1249 ; free virtual = 18147
---------------------------------------------------------------------------------
---------------------------------------------------------------------------------
Start Handling Custom Attributes
---------------------------------------------------------------------------------
---------------------------------------------------------------------------------
Finished Handling Custom Attributes : Time (s): cpu = 00:00:06 ; elapsed = 00:00:07 . Memory (MB): peak = 2357.656 ; gain = 605.766 ; free physical = 1249 ; free virtual = 18147
---------------------------------------------------------------------------------
---------------------------------------------------------------------------------
Finished RTL Optimization Phase 1 : Time (s): cpu = 00:00:06 ; elapsed = 00:00:07 . Memory (MB): peak = 2357.656 ; gain = 605.766 ; free physical = 1249 ; free virtual = 18147
---------------------------------------------------------------------------------
Netlist sorting complete. Time (s): cpu = 00:00:00.37 ; elapsed = 00:00:00.38 . Memory (MB): peak = 2360.625 ; gain = 0.000 ; free physical = 1252 ; free virtual = 18150
INFO: [Netlist 29-17] Analyzing 2 Unisim elements for replacement
INFO: [Netlist 29-28] Unisim Transformation completed in 0 CPU seconds
INFO: [Project 1-570] Preparing netlist for logic optimization

Processing XDC Constraints
Initializing timing engine
Parsing XDC File [/home/cathyhu3/s965/pz2/lab2_spi_maxdisplay/lab2_spi_maxdisplay.gen/sources_1/bd/spi_max/ip/spi_max_processing_system7_0_0/spi_max_processing_system7_0_0.xdc] for cell 'spi_max_i/processing_system7_0/inst'
Finished Parsing XDC File [/home/cathyhu3/s965/pz2/lab2_spi_maxdisplay/lab2_spi_maxdisplay.gen/sources_1/bd/spi_max/ip/spi_max_processing_system7_0_0/spi_max_processing_system7_0_0.xdc] for cell 'spi_max_i/processing_system7_0/inst'
INFO: [Project 1-236] Implementation specific constraints were found while reading constraint file [/home/cathyhu3/s965/pz2/lab2_spi_maxdisplay/lab2_spi_maxdisplay.gen/sources_1/bd/spi_max/ip/spi_max_processing_system7_0_0/spi_max_processing_system7_0_0.xdc]. These constraints will be ignored for synthesis but will be used in implementation. Impacted constraints are listed in the file [.Xil/spi_max_wrapper_propImpl.xdc].
Resolution: To avoid this warning, move constraints listed in [.Xil/spi_max_wrapper_propImpl.xdc] to another XDC file and exclude this new file from synthesis with the used_in_synthesis property (File Properties dialog in GUI) and re-run elaboration/synthesis.
Parsing XDC File [/home/cathyhu3/s965/pz2/lab2_spi_maxdisplay/lab2_spi_maxdisplay.gen/sources_1/bd/spi_max/ip/spi_max_axi_smc_0/bd_0/ip/ip_1/bd_e4dc_psr_aclk_0_board.xdc] for cell 'spi_max_i/axi_smc/inst/clk_map/psr_aclk/U0'
Finished Parsing XDC File [/home/cathyhu3/s965/pz2/lab2_spi_maxdisplay/lab2_spi_maxdisplay.gen/sources_1/bd/spi_max/ip/spi_max_axi_smc_0/bd_0/ip/ip_1/bd_e4dc_psr_aclk_0_board.xdc] for cell 'spi_max_i/axi_smc/inst/clk_map/psr_aclk/U0'
Parsing XDC File [/home/cathyhu3/s965/pz2/lab2_spi_maxdisplay/lab2_spi_maxdisplay.gen/sources_1/bd/spi_max/ip/spi_max_axi_smc_0/smartconnect.xdc] for cell 'spi_max_i/axi_smc/inst'
Finished Parsing XDC File [/home/cathyhu3/s965/pz2/lab2_spi_maxdisplay/lab2_spi_maxdisplay.gen/sources_1/bd/spi_max/ip/spi_max_axi_smc_0/smartconnect.xdc] for cell 'spi_max_i/axi_smc/inst'
Parsing XDC File [/home/cathyhu3/s965/pz2/lab2_spi_maxdisplay/lab2_spi_maxdisplay.gen/sources_1/bd/spi_max/ip/spi_max_rst_ps7_0_100M_0/spi_max_rst_ps7_0_100M_0_board.xdc] for cell 'spi_max_i/rst_ps7_0_100M/U0'
Finished Parsing XDC File [/home/cathyhu3/s965/pz2/lab2_spi_maxdisplay/lab2_spi_maxdisplay.gen/sources_1/bd/spi_max/ip/spi_max_rst_ps7_0_100M_0/spi_max_rst_ps7_0_100M_0_board.xdc] for cell 'spi_max_i/rst_ps7_0_100M/U0'
Parsing XDC File [/home/cathyhu3/s965/pz2/lab2/base.xdc]
Finished Parsing XDC File [/home/cathyhu3/s965/pz2/lab2/base.xdc]
INFO: [Project 1-236] Implementation specific constraints were found while reading constraint file [/home/cathyhu3/s965/pz2/lab2/base.xdc]. These constraints will be ignored for synthesis but will be used in implementation. Impacted constraints are listed in the file [.Xil/spi_max_wrapper_propImpl.xdc].
Resolution: To avoid this warning, move constraints listed in [.Xil/spi_max_wrapper_propImpl.xdc] to another XDC file and exclude this new file from synthesis with the used_in_synthesis property (File Properties dialog in GUI) and re-run elaboration/synthesis.
Parsing XDC File [/home/cathyhu3/s965/pz2/lab2_spi_maxdisplay/lab2_spi_maxdisplay.runs/synth_1/dont_touch.xdc]
Finished Parsing XDC File [/home/cathyhu3/s965/pz2/lab2_spi_maxdisplay/lab2_spi_maxdisplay.runs/synth_1/dont_touch.xdc]
INFO: [Project 1-236] Implementation specific constraints were found while reading constraint file [/home/cathyhu3/s965/pz2/lab2_spi_maxdisplay/lab2_spi_maxdisplay.runs/synth_1/dont_touch.xdc]. These constraints will be ignored for synthesis but will be used in implementation. Impacted constraints are listed in the file [.Xil/spi_max_wrapper_propImpl.xdc].
Resolution: To avoid this warning, move constraints listed in [.Xil/spi_max_wrapper_propImpl.xdc] to another XDC file and exclude this new file from synthesis with the used_in_synthesis property (File Properties dialog in GUI) and re-run elaboration/synthesis.
INFO: [Project 1-236] Implementation specific constraints were found while reading constraint file [/tools/Xilinx/2025.1/Vivado/data/ip/xpm/xpm_cdc/tcl/xpm_cdc_single.tcl]. These constraints will be ignored for synthesis but will be used in implementation. Impacted constraints are listed in the file [.Xil/spi_max_wrapper_propImpl.xdc].
Resolution: To avoid this warning, move constraints listed in [.Xil/spi_max_wrapper_propImpl.xdc] to another XDC file and exclude this new file from synthesis with the used_in_synthesis property (File Properties dialog in GUI) and re-run elaboration/synthesis.
INFO: [Project 1-1714] 18 XPM XDC files have been applied to the design.
Completed Processing XDC Constraints

Netlist sorting complete. Time (s): cpu = 00:00:00 ; elapsed = 00:00:00 . Memory (MB): peak = 2573.270 ; gain = 0.000 ; free physical = 1198 ; free virtual = 18096
INFO: [Project 1-111] Unisim Transformation Summary:
  A total of 2 instances were transformed.
  SRL16 => SRL16E: 2 instances

Constraint Validation Runtime : Time (s): cpu = 00:00:00.05 ; elapsed = 00:00:00.05 . Memory (MB): peak = 2573.305 ; gain = 0.000 ; free physical = 1198 ; free virtual = 18096
INFO: [Designutils 20-5440] No compile time benefit to using incremental synthesis; A full resynthesis will be run
INFO: [Designutils 20-4379] Flow is switching to default flow due to incremental criteria not met. If you would like to alter this behaviour and have the flow terminate instead, please set the following parameter config_implementation {autoIncr.Synth.RejectBehavior Terminate}
---------------------------------------------------------------------------------
Finished Constraint Validation : Time (s): cpu = 00:00:15 ; elapsed = 00:00:15 . Memory (MB): peak = 2573.305 ; gain = 821.414 ; free physical = 1199 ; free virtual = 18097
---------------------------------------------------------------------------------
---------------------------------------------------------------------------------
Start Loading Part and Timing Information
---------------------------------------------------------------------------------
Loading part: xc7z020clg400-1
---------------------------------------------------------------------------------
Finished Loading Part and Timing Information : Time (s): cpu = 00:00:15 ; elapsed = 00:00:15 . Memory (MB): peak = 2581.273 ; gain = 829.383 ; free physical = 1199 ; free virtual = 18097
---------------------------------------------------------------------------------
---------------------------------------------------------------------------------
Start Applying 'set_property' XDC Constraints
---------------------------------------------------------------------------------
---------------------------------------------------------------------------------
Finished applying 'set_property' XDC Constraints : Time (s): cpu = 00:00:15 ; elapsed = 00:00:16 . Memory (MB): peak = 2581.273 ; gain = 829.383 ; free physical = 1198 ; free virtual = 18096
---------------------------------------------------------------------------------
INFO: [Synth 8-802] inferred FSM for state register 'gen_axi.gen_write.write_cs_reg' in module 'sc_mmu_v1_0_15_decerr_slave'
INFO: [Synth 8-802] inferred FSM for state register 'gen_endpoint.w_state_reg' in module 'sc_mmu_v1_0_15_top'
INFO: [Synth 8-802] inferred FSM for state register 'gen_endpoint.r_state_reg' in module 'sc_mmu_v1_0_15_top'
INFO: [Synth 8-802] inferred FSM for state register 'w_state_reg' in module 'sc_si_converter_v1_0_15_axilite_conv'
INFO: [Synth 8-802] inferred FSM for state register 'r_state_reg' in module 'sc_si_converter_v1_0_15_axilite_conv'
INFO: [Synth 8-802] inferred FSM for state register 'state_write_reg' in module 'disp_interface_slave_lite_v1_0_S00_AXI'
INFO: [Synth 8-802] inferred FSM for state register 'state_read_reg' in module 'disp_interface_slave_lite_v1_0_S00_AXI'
---------------------------------------------------------------------------------------------------
                   State |                     New Encoding |                Previous Encoding 
---------------------------------------------------------------------------------------------------
            P_WRITE_IDLE |                              001 |                               00
            P_WRITE_DATA |                              010 |                               01
            P_WRITE_RESP |                              100 |                               10
---------------------------------------------------------------------------------------------------
INFO: [Synth 8-3354] encoded FSM with state register 'gen_axi.gen_write.write_cs_reg' using encoding 'one-hot' in module 'sc_mmu_v1_0_15_decerr_slave'
---------------------------------------------------------------------------------------------------
                   State |                     New Encoding |                Previous Encoding 
---------------------------------------------------------------------------------------------------
                  iSTATE |                               00 | 00000000000000000000000000000000
*
                 W_STALL |                               01 | 00000000000000000000000000000001
               W_PENDING |                               10 | 00000000000000000000000000000010
                W_DECERR |                               11 | 00000000000000000000000000000011
---------------------------------------------------------------------------------------------------
INFO: [Synth 8-3354] encoded FSM with state register 'gen_endpoint.w_state_reg' using encoding 'sequential' in module 'sc_mmu_v1_0_15_top'
---------------------------------------------------------------------------------------------------
                   State |                     New Encoding |                Previous Encoding 
---------------------------------------------------------------------------------------------------
                  iSTATE |                               00 | 00000000000000000000000000000000
*
                 R_STALL |                               01 | 00000000000000000000000000000001
               R_PENDING |                               10 | 00000000000000000000000000000010
                R_DECERR |                               11 | 00000000000000000000000000000011
---------------------------------------------------------------------------------------------------
INFO: [Synth 8-3354] encoded FSM with state register 'gen_endpoint.r_state_reg' using encoding 'sequential' in module 'sc_mmu_v1_0_15_top'
---------------------------------------------------------------------------------------------------
                   State |                     New Encoding |                Previous Encoding 
---------------------------------------------------------------------------------------------------
                  W_IDLE |                              000 | 00000000000000000000000000000000
                    W_RX |                              001 | 00000000000000000000000000000001
                    W_TX |                              010 | 00000000000000000000000000000010
              W_COMPLETE |                              011 | 00000000000000000000000000000100
               W_RECOVER |                              100 | 00000000000000000000000000000011
---------------------------------------------------------------------------------------------------
INFO: [Synth 8-3354] encoded FSM with state register 'w_state_reg' using encoding 'sequential' in module 'sc_si_converter_v1_0_15_axilite_conv'
---------------------------------------------------------------------------------------------------
                   State |                     New Encoding |                Previous Encoding 
---------------------------------------------------------------------------------------------------
                  R_IDLE |                             0001 | 00000000000000000000000000000000
               R_PENDING |                             0010 | 00000000000000000000000000000001
                    R_RX |                             0100 | 00000000000000000000000000000010
                    R_TX |                             1000 | 00000000000000000000000000000011
---------------------------------------------------------------------------------------------------
INFO: [Synth 8-3354] encoded FSM with state register 'r_state_reg' using encoding 'one-hot' in module 'sc_si_converter_v1_0_15_axilite_conv'
---------------------------------------------------------------------------------------------------
                   State |                     New Encoding |                Previous Encoding 
---------------------------------------------------------------------------------------------------
                    Idle |                               00 |                               00
                   Waddr |                               01 |                               10
                   Wdata |                               10 |                               11
---------------------------------------------------------------------------------------------------
INFO: [Synth 8-3354] encoded FSM with state register 'state_write_reg' using encoding 'sequential' in module 'disp_interface_slave_lite_v1_0_S00_AXI'
---------------------------------------------------------------------------------------------------
                   State |                     New Encoding |                Previous Encoding 
---------------------------------------------------------------------------------------------------
                    Idle |                               00 |                               00
                   Raddr |                               01 |                               10
                   Rdata |                               10 |                               11
---------------------------------------------------------------------------------------------------
INFO: [Synth 8-3354] encoded FSM with state register 'state_read_reg' using encoding 'sequential' in module 'disp_interface_slave_lite_v1_0_S00_AXI'
WARNING: [Synth 8-327] inferring latch for variable 'state_reg' [/home/cathyhu3/s965/pz2/lab2/hdl/spi_tx.sv:37]
WARNING: [Synth 8-327] inferring latch for variable 'data_store_reg' [/home/cathyhu3/s965/pz2/lab2/hdl/spi_tx.sv:40]
---------------------------------------------------------------------------------
Finished RTL Optimization Phase 2 : Time (s): cpu = 00:00:17 ; elapsed = 00:00:17 . Memory (MB): peak = 2581.273 ; gain = 829.383 ; free physical = 1202 ; free virtual = 18103
---------------------------------------------------------------------------------
---------------------------------------------------------------------------------
Start RTL Component Statistics 
---------------------------------------------------------------------------------
Detailed RTL Component Info : 
+---Adders : 
	   2 Input   12 Bit       Adders := 4     
	   2 Input   10 Bit       Adders := 1     
	   2 Input    9 Bit       Adders := 5     
	   2 Input    8 Bit       Adders := 3     
	   2 Input    7 Bit       Adders := 3     
	   2 Input    6 Bit       Adders := 3     
	   2 Input    4 Bit       Adders := 5     
	   2 Input    3 Bit       Adders := 1     
	   2 Input    2 Bit       Adders := 1     
	   3 Input    2 Bit       Adders := 1     
	   2 Input    1 Bit       Adders := 5     
	   3 Input    1 Bit       Adders := 2     
+---XORs : 
	   2 Input     12 Bit         XORs := 2     
	   2 Input      1 Bit         XORs := 34    
+---Registers : 
	             2178 Bit    Registers := 4     
	              512 Bit    Registers := 4     
	              156 Bit    Registers := 2     
	               70 Bit    Registers := 1     
	               69 Bit    Registers := 1     
	               64 Bit    Registers := 5     
	               47 Bit    Registers := 1     
	               33 Bit    Registers := 1     
	               32 Bit    Registers := 10    
	               23 Bit    Registers := 1     
	               12 Bit    Registers := 6     
	               11 Bit    Registers := 1     
	                9 Bit    Registers := 4     
	                8 Bit    Registers := 4     
	                7 Bit    Registers := 3     
	                6 Bit    Registers := 3     
	                5 Bit    Registers := 5     
	                4 Bit    Registers := 12    
	                3 Bit    Registers := 24    
	                2 Bit    Registers := 10    
	                1 Bit    Registers := 154   
+---Muxes : 
	   2 Input 2178 Bit        Muxes := 2     
	   2 Input   64 Bit        Muxes := 1     
	   4 Input   64 Bit        Muxes := 1     
	   2 Input   32 Bit        Muxes := 11    
	   4 Input   32 Bit        Muxes := 2     
	   8 Input   32 Bit        Muxes := 6     
	   3 Input   32 Bit        Muxes := 1     
	   2 Input   12 Bit        Muxes := 13    
	   5 Input   12 Bit        Muxes := 1     
	   5 Input    9 Bit        Muxes := 1     
	   2 Input    9 Bit        Muxes := 5     
	   2 Input    8 Bit        Muxes := 3     
	   4 Input    8 Bit        Muxes := 1     
	   4 Input    7 Bit        Muxes := 1     
	   2 Input    7 Bit        Muxes := 8     
	   2 Input    6 Bit        Muxes := 2     
	   4 Input    4 Bit        Muxes := 1     
	   2 Input    4 Bit        Muxes := 2     
	   2 Input    3 Bit        Muxes := 8     
	   5 Input    3 Bit        Muxes := 1     
	   2 Input    2 Bit        Muxes := 23    
	   4 Input    2 Bit        Muxes := 5     
	   5 Input    2 Bit        Muxes := 2     
	   3 Input    2 Bit        Muxes := 2     
	   2 Input    1 Bit        Muxes := 114   
	   3 Input    1 Bit        Muxes := 21    
	   6 Input    1 Bit        Muxes := 8     
	   4 Input    1 Bit        Muxes := 34    
	   7 Input    1 Bit        Muxes := 4     
	   5 Input    1 Bit        Muxes := 17    
---------------------------------------------------------------------------------
Finished RTL Component Statistics 
---------------------------------------------------------------------------------
---------------------------------------------------------------------------------
Start Part Resource Summary
---------------------------------------------------------------------------------
Part Resources:
DSPs: 220 (col length:60)
BRAMs: 280 (col length: RAMB18 60 RAMB36 30)
---------------------------------------------------------------------------------
Finished Part Resource Summary
---------------------------------------------------------------------------------
---------------------------------------------------------------------------------
Start Cross Boundary and Area Optimization
---------------------------------------------------------------------------------
WARNING: [Synth 8-7080] Parallel synthesis criteria is not met
WARNING: [Synth 8-3332] Sequential element (clk_map/psr_aclk/U0/FDRE_inst) is unused and will be removed from module bd_e4dc.
WARNING: [Synth 8-3332] Sequential element (clk_map/psr_aclk/U0/BSR_OUT_DFF[0].FDRE_BSR) is unused and will be removed from module bd_e4dc.
WARNING: [Synth 8-3332] Sequential element (clk_map/psr_aclk/U0/PR_OUT_DFF[0].FDRE_PER) is unused and will be removed from module bd_e4dc.
WARNING: [Synth 8-3332] Sequential element (clk_map/psr_aclk/U0/ACTIVE_LOW_PR_OUT_DFF[0].FDRE_PER_N) is unused and will be removed from module bd_e4dc.
WARNING: [Synth 8-3332] Sequential element (FDRE_inst) is unused and will be removed from module proc_sys_reset__parameterized1.
WARNING: [Synth 8-3332] Sequential element (BSR_OUT_DFF[0].FDRE_BSR) is unused and will be removed from module proc_sys_reset__parameterized1.
WARNING: [Synth 8-3332] Sequential element (ACTIVE_LOW_BSR_OUT_DFF[0].FDRE_BSR_N) is unused and will be removed from module proc_sys_reset__parameterized1.
WARNING: [Synth 8-3332] Sequential element (PR_OUT_DFF[0].FDRE_PER) is unused and will be removed from module proc_sys_reset__parameterized1.
INFO: [Synth 8-3332] Sequential element (inst/mspi/state_reg[2]) is unused and will be removed from module spi_max_spi_tx_w_0_0.
---------------------------------------------------------------------------------
Finished Cross Boundary and Area Optimization : Time (s): cpu = 00:00:22 ; elapsed = 00:00:23 . Memory (MB): peak = 2581.273 ; gain = 829.383 ; free physical = 1181 ; free virtual = 18101
---------------------------------------------------------------------------------
---------------------------------------------------------------------------------
Start Applying XDC Timing Constraints
---------------------------------------------------------------------------------
---------------------------------------------------------------------------------
Finished Applying XDC Timing Constraints : Time (s): cpu = 00:00:26 ; elapsed = 00:00:27 . Memory (MB): peak = 2706.273 ; gain = 954.383 ; free physical = 990 ; free virtual = 17911
---------------------------------------------------------------------------------
---------------------------------------------------------------------------------
Start Timing Optimization
---------------------------------------------------------------------------------
---------------------------------------------------------------------------------
Finished Timing Optimization : Time (s): cpu = 00:00:27 ; elapsed = 00:00:28 . Memory (MB): peak = 2756.312 ; gain = 1004.422 ; free physical = 945 ; free virtual = 17865
---------------------------------------------------------------------------------
---------------------------------------------------------------------------------
Start Technology Mapping
---------------------------------------------------------------------------------
---------------------------------------------------------------------------------
Finished Technology Mapping : Time (s): cpu = 00:00:28 ; elapsed = 00:00:29 . Memory (MB): peak = 2764.320 ; gain = 1012.430 ; free physical = 937 ; free virtual = 17858
---------------------------------------------------------------------------------
---------------------------------------------------------------------------------
Start IO Insertion
---------------------------------------------------------------------------------
---------------------------------------------------------------------------------
Start Flattening Before IO Insertion
---------------------------------------------------------------------------------
---------------------------------------------------------------------------------
Finished Flattening Before IO Insertion
---------------------------------------------------------------------------------
---------------------------------------------------------------------------------
Start Final Netlist Cleanup
---------------------------------------------------------------------------------
---------------------------------------------------------------------------------
Finished Final Netlist Cleanup
---------------------------------------------------------------------------------
---------------------------------------------------------------------------------
Finished IO Insertion : Time (s): cpu = 00:00:30 ; elapsed = 00:00:31 . Memory (MB): peak = 2905.133 ; gain = 1153.242 ; free physical = 826 ; free virtual = 17746
---------------------------------------------------------------------------------
---------------------------------------------------------------------------------
Start Renaming Generated Instances
---------------------------------------------------------------------------------
---------------------------------------------------------------------------------
Finished Renaming Generated Instances : Time (s): cpu = 00:00:30 ; elapsed = 00:00:31 . Memory (MB): peak = 2905.133 ; gain = 1153.242 ; free physical = 826 ; free virtual = 17746
---------------------------------------------------------------------------------
---------------------------------------------------------------------------------
Start Rebuilding User Hierarchy
---------------------------------------------------------------------------------
---------------------------------------------------------------------------------
Finished Rebuilding User Hierarchy : Time (s): cpu = 00:00:30 ; elapsed = 00:00:31 . Memory (MB): peak = 2905.133 ; gain = 1153.242 ; free physical = 818 ; free virtual = 17738
---------------------------------------------------------------------------------
---------------------------------------------------------------------------------
Start Renaming Generated Ports
---------------------------------------------------------------------------------
---------------------------------------------------------------------------------
Finished Renaming Generated Ports : Time (s): cpu = 00:00:30 ; elapsed = 00:00:31 . Memory (MB): peak = 2905.133 ; gain = 1153.242 ; free physical = 818 ; free virtual = 17738
---------------------------------------------------------------------------------
---------------------------------------------------------------------------------
Start Handling Custom Attributes
---------------------------------------------------------------------------------
---------------------------------------------------------------------------------
Finished Handling Custom Attributes : Time (s): cpu = 00:00:30 ; elapsed = 00:00:31 . Memory (MB): peak = 2905.133 ; gain = 1153.242 ; free physical = 818 ; free virtual = 17738
---------------------------------------------------------------------------------
---------------------------------------------------------------------------------
Start Renaming Generated Nets
---------------------------------------------------------------------------------
---------------------------------------------------------------------------------
Finished Renaming Generated Nets : Time (s): cpu = 00:00:30 ; elapsed = 00:00:32 . Memory (MB): peak = 2905.133 ; gain = 1153.242 ; free physical = 818 ; free virtual = 17738
---------------------------------------------------------------------------------
---------------------------------------------------------------------------------
Start Writing Synthesis Report
---------------------------------------------------------------------------------

Report BlackBoxes: 
+-+--------------+----------+
| |BlackBox name |Instances |
+-+--------------+----------+
+-+--------------+----------+

Report Cell Usage: 
+------+-------+------+
|      |Cell   |Count |
+------+-------+------+
|1     |BIBUF  |   130|
|2     |BUFG   |     2|
|3     |CARRY4 |    12|
|4     |LUT1   |    84|
|5     |LUT2   |   124|
|6     |LUT3   |   150|
|7     |LUT4   |   100|
|8     |LUT5   |   130|
|9     |LUT6   |   275|
|10    |MUXF7  |     6|
|11    |PS7    |     1|
|12    |SRL16  |     2|
|13    |FDCE   |    42|
|14    |FDRE   |   791|
|15    |FDSE   |    14|
|16    |LD     |    64|
|17    |LDC    |     1|
|18    |LDCP   |     1|
|19    |IBUF   |     4|
|20    |OBUF   |     7|
+------+-------+------+
---------------------------------------------------------------------------------
Finished Writing Synthesis Report : Time (s): cpu = 00:00:30 ; elapsed = 00:00:32 . Memory (MB): peak = 2905.133 ; gain = 1153.242 ; free physical = 818 ; free virtual = 17738
---------------------------------------------------------------------------------
Synthesis finished with 0 errors, 0 critical warnings and 13484 warnings.
Synthesis Optimization Runtime : Time (s): cpu = 00:00:25 ; elapsed = 00:00:26 . Memory (MB): peak = 2905.133 ; gain = 937.594 ; free physical = 818 ; free virtual = 17738
Synthesis Optimization Complete : Time (s): cpu = 00:00:31 ; elapsed = 00:00:32 . Memory (MB): peak = 2905.141 ; gain = 1153.242 ; free physical = 818 ; free virtual = 17738
INFO: [Project 1-571] Translating synthesized netlist
Netlist sorting complete. Time (s): cpu = 00:00:00.07 ; elapsed = 00:00:00.07 . Memory (MB): peak = 2905.141 ; gain = 0.000 ; free physical = 982 ; free virtual = 17902
INFO: [Netlist 29-17] Analyzing 86 Unisim elements for replacement
INFO: [Netlist 29-28] Unisim Transformation completed in 0 CPU seconds
INFO: [Project 1-570] Preparing netlist for logic optimization
INFO: [Opt 31-138] Pushed 0 inverter(s) to 0 load pin(s).
Netlist sorting complete. Time (s): cpu = 00:00:00 ; elapsed = 00:00:00 . Memory (MB): peak = 2961.160 ; gain = 0.000 ; free physical = 985 ; free virtual = 17905
INFO: [Project 1-111] Unisim Transformation Summary:
  A total of 68 instances were transformed.
  LD => LDCE: 64 instances
  LDC => LDCE: 1 instance 
  LDCP => LDCP (GND, LDCE, LUT3(x2), VCC): 1 instance 
  SRL16 => SRL16E: 2 instances

Synth Design complete | Checksum: 4c6074bc
INFO: [Common 17-83] Releasing license: Synthesis
156 Infos, 146 Warnings, 0 Critical Warnings and 0 Errors encountered.
synth_design completed successfully
synth_design: Time (s): cpu = 00:00:38 ; elapsed = 00:00:38 . Memory (MB): peak = 2961.195 ; gain = 1407.852 ; free physical = 985 ; free virtual = 17905
INFO: [Common 17-2834] synth_design peak Physical Memory [PSS] (MB): overall = 2134.432; main = 1994.077; forked = 247.577
INFO: [Common 17-2834] synth_design peak Virtual Memory [VSS] (MB): overall = 3773.195; main = 2961.164; forked = 963.871
Write ShapeDB Complete: Time (s): cpu = 00:00:00.01 ; elapsed = 00:00:00.01 . Memory (MB): peak = 2985.172 ; gain = 0.000 ; free physical = 985 ; free virtual = 17905
INFO: [Common 17-1381] The checkpoint '/home/cathyhu3/s965/pz2/lab2_spi_maxdisplay/lab2_spi_maxdisplay.runs/synth_1/spi_max_wrapper.dcp' has been generated.
INFO: [Vivado 12-24828] Executing command : report_utilization -file spi_max_wrapper_utilization_synth.rpt -pb spi_max_wrapper_utilization_synth.pb
INFO: [Common 17-206] Exiting Vivado at Thu Sep 18 15:23:05 2025...
